<?xml version="1.0" encoding="UTF-8"?>
<coverage generated="1781148512456" clover="3.2.0">
  <project timestamp="1781148512456" name="All files">
    <metrics statements="1180" coveredstatements="1062" conditionals="255" coveredconditionals="240" methods="135" coveredmethods="131" elements="1570" coveredelements="1433" complexity="0" loc="1180" ncloc="1180" packages="8" files="24" classes="24"/>
    <package name="container">
      <metrics statements="155" coveredstatements="135" conditionals="26" coveredconditionals="22" methods="12" coveredmethods="12"/>
      <file name="Container.ts" path="/Users/shangrongli/Documents/L1-repo/FluidFramework/packages/container/src/container/Container.ts">
        <metrics statements="155" coveredstatements="135" conditionals="26" coveredconditionals="22" methods="12" coveredmethods="12"/>
        <line num="1" count="1" type="stmt"/>
        <line num="25" count="1" type="cond" truecount="1" falsecount="0"/>
        <line num="26" count="14" type="stmt"/>
        <line num="28" count="14" type="stmt"/>
        <line num="29" count="14" type="stmt"/>
        <line num="30" count="14" type="stmt"/>
        <line num="31" count="14" type="stmt"/>
        <line num="32" count="14" type="stmt"/>
        <line num="33" count="14" type="stmt"/>
        <line num="34" count="14" type="stmt"/>
        <line num="35" count="14" type="stmt"/>
        <line num="36" count="14" type="stmt"/>
        <line num="39" count="14" type="stmt"/>
        <line num="40" count="14" type="stmt"/>
        <line num="42" count="14" type="cond" truecount="1" falsecount="0"/>
        <line num="43" count="14" type="stmt"/>
        <line num="44" count="14" type="stmt"/>
        <line num="45" count="14" type="stmt"/>
        <line num="48" count="14" type="stmt"/>
        <line num="49" count="14" type="stmt"/>
        <line num="50" count="14" type="stmt"/>
        <line num="53" count="14" type="stmt"/>
        <line num="54" count="14" type="stmt"/>
        <line num="55" count="14" type="stmt"/>
        <line num="58" count="14" type="stmt"/>
        <line num="59" count="14" type="stmt"/>
        <line num="60" count="14" type="stmt"/>
        <line num="61" count="14" type="stmt"/>
        <line num="62" count="14" type="stmt"/>
        <line num="63" count="14" type="stmt"/>
        <line num="65" count="14" type="cond" truecount="1" falsecount="0"/>
        <line num="66" count="2" type="stmt"/>
        <line num="67" count="2" type="stmt"/>
        <line num="73" count="14" type="cond" truecount="1" falsecount="0"/>
        <line num="74" count="12" type="stmt"/>
        <line num="75" count="12" type="stmt"/>
        <line num="76" count="12" type="stmt"/>
        <line num="77" count="12" type="stmt"/>
        <line num="78" count="12" type="stmt"/>
        <line num="79" count="12" type="stmt"/>
        <line num="85" count="14" type="cond" truecount="1" falsecount="0"/>
        <line num="86" count="2" type="stmt"/>
        <line num="87" count="2" type="stmt"/>
        <line num="90" count="2" type="stmt"/>
        <line num="93" count="2" type="stmt"/>
        <line num="94" count="2" type="stmt"/>
        <line num="95" count="2" type="cond" truecount="1" falsecount="0"/>
        <line num="96" count="1" type="stmt"/>
        <line num="97" count="1" type="cond" truecount="0" falsecount="1"/>
        <line num="98" count="0" type="stmt"/>
        <line num="99" count="0" type="stmt"/>
        <line num="100" count="0" type="stmt"/>
        <line num="101" count="0" type="stmt"/>
        <line num="102" count="0" type="stmt"/>
        <line num="103" count="1" type="stmt"/>
        <line num="104" count="1" type="stmt"/>
        <line num="105" count="2" type="stmt"/>
        <line num="108" count="2" type="stmt"/>
        <line num="109" count="2" type="stmt"/>
        <line num="110" count="2" type="cond" truecount="0" falsecount="1"/>
        <line num="111" count="0" type="stmt"/>
        <line num="112" count="0" type="stmt"/>
        <line num="113" count="2" type="stmt"/>
        <line num="115" count="2" type="stmt"/>
        <line num="116" count="2" type="stmt"/>
        <line num="117" count="2" type="stmt"/>
        <line num="122" count="14" type="cond" truecount="1" falsecount="0"/>
        <line num="123" count="6" type="stmt"/>
        <line num="124" count="6" type="stmt"/>
        <line num="125" count="6" type="cond" truecount="1" falsecount="0"/>
        <line num="126" count="1" type="stmt"/>
        <line num="127" count="1" type="stmt"/>
        <line num="128" count="1" type="stmt"/>
        <line num="129" count="1" type="stmt"/>
        <line num="130" count="1" type="stmt"/>
        <line num="131" count="1" type="cond" truecount="1" falsecount="0"/>
        <line num="132" count="4" type="stmt"/>
        <line num="133" count="6" type="cond" truecount="0" falsecount="1"/>
        <line num="134" count="0" type="stmt"/>
        <line num="135" count="0" type="stmt"/>
        <line num="136" count="0" type="stmt"/>
        <line num="137" count="0" type="stmt"/>
        <line num="138" count="0" type="stmt"/>
        <line num="139" count="0" type="cond" truecount="1" falsecount="0"/>
        <line num="140" count="4" type="stmt"/>
        <line num="141" count="6" type="stmt"/>
        <line num="147" count="14" type="cond" truecount="1" falsecount="0"/>
        <line num="148" count="2" type="stmt"/>
        <line num="149" count="2" type="stmt"/>
        <line num="150" count="2" type="stmt"/>
        <line num="151" count="2" type="stmt"/>
        <line num="152" count="2" type="cond" truecount="1" falsecount="0"/>
        <line num="153" count="1" type="stmt"/>
        <line num="154" count="1" type="stmt"/>
        <line num="155" count="1" type="stmt"/>
        <line num="156" count="1" type="stmt"/>
        <line num="157" count="1" type="stmt"/>
        <line num="158" count="1" type="stmt"/>
        <line num="159" count="1" type="stmt"/>
        <line num="160" count="2" type="stmt"/>
        <line num="165" count="14" type="cond" truecount="1" falsecount="0"/>
        <line num="166" count="2" type="stmt"/>
        <line num="167" count="2" type="stmt"/>
        <line num="168" count="2" type="stmt"/>
        <line num="173" count="14" type="cond" truecount="1" falsecount="0"/>
        <line num="174" count="15" type="cond" truecount="1" falsecount="0"/>
        <line num="175" count="1" type="stmt"/>
        <line num="176" count="1" type="cond" truecount="1" falsecount="0"/>
        <line num="177" count="14" type="stmt"/>
        <line num="178" count="14" type="stmt"/>
        <line num="179" count="14" type="stmt"/>
        <line num="180" count="14" type="stmt"/>
        <line num="181" count="15" type="stmt"/>
        <line num="186" count="14" type="cond" truecount="1" falsecount="0"/>
        <line num="187" count="14" type="cond" truecount="1" falsecount="0"/>
        <line num="188" count="28" type="stmt"/>
        <line num="189" count="28" type="stmt"/>
        <line num="192" count="28" type="cond" truecount="1" falsecount="0"/>
        <line num="193" count="1" type="stmt"/>
        <line num="194" count="28" type="stmt"/>
        <line num="195" count="28" type="stmt"/>
        <line num="196" count="14" type="stmt"/>
        <line num="201" count="14" type="cond" truecount="1" falsecount="0"/>
        <line num="202" count="14" type="stmt"/>
        <line num="203" count="14" type="stmt"/>
        <line num="204" count="14" type="stmt"/>
        <line num="205" count="14" type="stmt"/>
        <line num="206" count="14" type="stmt"/>
        <line num="207" count="14" type="stmt"/>
        <line num="208" count="14" type="stmt"/>
        <line num="209" count="14" type="stmt"/>
        <line num="210" count="14" type="stmt"/>
        <line num="212" count="14" type="stmt"/>
        <line num="213" count="14" type="stmt"/>
        <line num="214" count="14" type="stmt"/>
        <line num="216" count="14" type="stmt"/>
        <line num="217" count="14" type="cond" truecount="0" falsecount="1"/>
        <line num="218" count="0" type="stmt"/>
        <line num="219" count="0" type="stmt"/>
        <line num="220" count="0" type="stmt"/>
        <line num="221" count="0" type="stmt"/>
        <line num="222" count="0" type="stmt"/>
        <line num="223" count="0" type="stmt"/>
        <line num="224" count="0" type="stmt"/>
        <line num="225" count="14" type="stmt"/>
        <line num="230" count="14" type="cond" truecount="1" falsecount="0"/>
        <line num="231" count="10" type="cond" truecount="1" falsecount="0"/>
        <line num="232" count="2" type="stmt"/>
        <line num="233" count="2" type="stmt"/>
        <line num="234" count="2" type="stmt"/>
        <line num="235" count="2" type="stmt"/>
        <line num="236" count="2" type="stmt"/>
        <line num="237" count="2" type="stmt"/>
        <line num="238" count="10" type="stmt"/>
        <line num="239" count="14" type="stmt"/>
      </file>
    </package>
    <package name="dds">
      <metrics statements="256" coveredstatements="252" conditionals="64" coveredconditionals="62" methods="47" coveredmethods="46"/>
      <file name="DdsFactory.ts" path="/Users/shangrongli/Documents/L1-repo/FluidFramework/packages/container/src/dds/DdsFactory.ts">
        <metrics statements="36" coveredstatements="36" conditionals="13" coveredconditionals="13" methods="6" coveredmethods="6"/>
        <line num="1" count="1" type="stmt"/>
        <line num="16" count="1" type="cond" truecount="1" falsecount="0"/>
        <line num="17" count="43" type="stmt"/>
        <line num="19" count="43" type="cond" truecount="1" falsecount="0"/>
        <line num="21" count="43" type="cond" truecount="1" falsecount="0"/>
        <line num="22" count="43" type="cond" truecount="1" falsecount="0"/>
        <line num="23" count="43" type="cond" truecount="1" falsecount="0"/>
        <line num="24" count="43" type="stmt"/>
        <line num="29" count="43" type="cond" truecount="1" falsecount="0"/>
        <line num="30" count="131" type="cond" truecount="1" falsecount="0"/>
        <line num="31" count="1" type="stmt"/>
        <line num="32" count="1" type="stmt"/>
        <line num="33" count="1" type="stmt"/>
        <line num="34" count="1" type="stmt"/>
        <line num="35" count="1" type="stmt"/>
        <line num="36" count="1" type="cond" truecount="1" falsecount="0"/>
        <line num="37" count="130" type="stmt"/>
        <line num="38" count="131" type="stmt"/>
        <line num="43" count="43" type="cond" truecount="1" falsecount="0"/>
        <line num="44" count="59" type="stmt"/>
        <line num="45" count="59" type="cond" truecount="1" falsecount="0"/>
        <line num="46" count="1" type="stmt"/>
        <line num="47" count="1" type="stmt"/>
        <line num="48" count="1" type="stmt"/>
        <line num="49" count="1" type="stmt"/>
        <line num="50" count="1" type="stmt"/>
        <line num="51" count="1" type="cond" truecount="1" falsecount="0"/>
        <line num="52" count="58" type="stmt"/>
        <line num="53" count="59" type="stmt"/>
        <line num="58" count="43" type="cond" truecount="1" falsecount="0"/>
        <line num="59" count="16" type="stmt"/>
        <line num="60" count="16" type="stmt"/>
        <line num="65" count="43" type="cond" truecount="1" falsecount="0"/>
        <line num="66" count="4" type="stmt"/>
        <line num="67" count="4" type="stmt"/>
        <line num="68" count="43" type="stmt"/>
      </file>
      <file name="SharedCounter.ts" path="/Users/shangrongli/Documents/L1-repo/FluidFramework/packages/container/src/dds/SharedCounter.ts">
        <metrics statements="35" coveredstatements="35" conditionals="9" coveredconditionals="9" methods="9" coveredmethods="9"/>
        <line num="1" count="1" type="stmt"/>
        <line num="14" count="1" type="cond" truecount="1" falsecount="0"/>
        <line num="15" count="30" type="cond" truecount="1" falsecount="0"/>
        <line num="16" count="30" type="stmt"/>
        <line num="18" count="30" type="cond" truecount="1" falsecount="0"/>
        <line num="19" count="30" type="stmt"/>
        <line num="20" count="30" type="stmt"/>
        <line num="22" count="30" type="cond" truecount="1" falsecount="0"/>
        <line num="23" count="9" type="stmt"/>
        <line num="24" count="9" type="stmt"/>
        <line num="26" count="30" type="cond" truecount="1" falsecount="0"/>
        <line num="27" count="9" type="stmt"/>
        <line num="28" count="9" type="stmt"/>
        <line num="29" count="9" type="stmt"/>
        <line num="30" count="9" type="stmt"/>
        <line num="31" count="9" type="stmt"/>
        <line num="32" count="9" type="stmt"/>
        <line num="33" count="9" type="stmt"/>
        <line num="34" count="9" type="stmt"/>
        <line num="36" count="30" type="cond" truecount="1" falsecount="0"/>
        <line num="37" count="2" type="stmt"/>
        <line num="38" count="2" type="stmt"/>
        <line num="43" count="30" type="cond" truecount="1" falsecount="0"/>
        <line num="44" count="7" type="stmt"/>
        <line num="45" count="7" type="stmt"/>
        <line num="50" count="30" type="cond" truecount="1" falsecount="0"/>
        <line num="51" count="2" type="stmt"/>
        <line num="52" count="2" type="stmt"/>
        <line num="57" count="30" type="cond" truecount="1" falsecount="0"/>
        <line num="58" count="2" type="stmt"/>
        <line num="59" count="2" type="stmt"/>
        <line num="60" count="2" type="stmt"/>
        <line num="61" count="2" type="stmt"/>
        <line num="62" count="2" type="stmt"/>
        <line num="63" count="30" type="stmt"/>
      </file>
      <file name="SharedMap.ts" path="/Users/shangrongli/Documents/L1-repo/FluidFramework/packages/container/src/dds/SharedMap.ts">
        <metrics statements="71" coveredstatements="71" conditionals="19" coveredconditionals="19" methods="13" coveredmethods="13"/>
        <line num="1" count="1" type="stmt"/>
        <line num="15" count="1" type="cond" truecount="1" falsecount="0"/>
        <line num="16" count="47" type="cond" truecount="1" falsecount="0"/>
        <line num="17" count="47" type="stmt"/>
        <line num="19" count="47" type="cond" truecount="1" falsecount="0"/>
        <line num="20" count="47" type="stmt"/>
        <line num="21" count="47" type="stmt"/>
        <line num="23" count="47" type="cond" truecount="1" falsecount="0"/>
        <line num="24" count="3" type="stmt"/>
        <line num="25" count="3" type="stmt"/>
        <line num="27" count="47" type="cond" truecount="1" falsecount="0"/>
        <line num="28" count="9" type="stmt"/>
        <line num="29" count="9" type="stmt"/>
        <line num="31" count="47" type="cond" truecount="1" falsecount="0"/>
        <line num="32" count="22" type="stmt"/>
        <line num="33" count="22" type="stmt"/>
        <line num="34" count="22" type="stmt"/>
        <line num="35" count="22" type="stmt"/>
        <line num="36" count="22" type="stmt"/>
        <line num="37" count="22" type="stmt"/>
        <line num="38" count="22" type="stmt"/>
        <line num="39" count="22" type="stmt"/>
        <line num="40" count="22" type="stmt"/>
        <line num="42" count="47" type="cond" truecount="1" falsecount="0"/>
        <line num="43" count="2" type="stmt"/>
        <line num="44" count="2" type="cond" truecount="1" falsecount="0"/>
        <line num="45" count="1" type="stmt"/>
        <line num="46" count="1" type="stmt"/>
        <line num="47" count="1" type="stmt"/>
        <line num="48" count="1" type="stmt"/>
        <line num="49" count="1" type="stmt"/>
        <line num="50" count="1" type="stmt"/>
        <line num="51" count="1" type="stmt"/>
        <line num="52" count="1" type="stmt"/>
        <line num="53" count="2" type="stmt"/>
        <line num="54" count="2" type="stmt"/>
        <line num="56" count="47" type="cond" truecount="1" falsecount="0"/>
        <line num="57" count="4" type="stmt"/>
        <line num="58" count="4" type="stmt"/>
        <line num="60" count="47" type="cond" truecount="1" falsecount="0"/>
        <line num="61" count="1" type="stmt"/>
        <line num="62" count="1" type="stmt"/>
        <line num="64" count="47" type="cond" truecount="1" falsecount="0"/>
        <line num="65" count="1" type="cond" truecount="1" falsecount="0"/>
        <line num="66" count="1" type="stmt"/>
        <line num="71" count="47" type="cond" truecount="1" falsecount="0"/>
        <line num="72" count="10" type="stmt"/>
        <line num="73" count="10" type="cond" truecount="1" falsecount="0"/>
        <line num="74" count="9" type="stmt"/>
        <line num="75" count="10" type="stmt"/>
        <line num="76" count="10" type="stmt"/>
        <line num="77" count="10" type="stmt"/>
        <line num="82" count="47" type="cond" truecount="1" falsecount="0"/>
        <line num="83" count="3" type="stmt"/>
        <line num="84" count="3" type="stmt"/>
        <line num="85" count="3" type="cond" truecount="1" falsecount="0"/>
        <line num="86" count="6" type="stmt"/>
        <line num="87" count="6" type="stmt"/>
        <line num="88" count="3" type="stmt"/>
        <line num="93" count="47" type="cond" truecount="1" falsecount="0"/>
        <line num="94" count="4" type="stmt"/>
        <line num="95" count="4" type="stmt"/>
        <line num="96" count="4" type="cond" truecount="1" falsecount="0"/>
        <line num="97" count="3" type="stmt"/>
        <line num="98" count="3" type="stmt"/>
        <line num="99" count="4" type="cond" truecount="1" falsecount="0"/>
        <line num="100" count="1" type="stmt"/>
        <line num="101" count="1" type="stmt"/>
        <line num="102" count="4" type="stmt"/>
        <line num="103" count="4" type="stmt"/>
        <line num="104" count="47" type="stmt"/>
      </file>
      <file name="SharedObjectBase.ts" path="/Users/shangrongli/Documents/L1-repo/FluidFramework/packages/container/src/dds/SharedObjectBase.ts">
        <metrics statements="48" coveredstatements="44" conditionals="9" coveredconditionals="8" methods="8" coveredmethods="7"/>
        <line num="1" count="1" type="stmt"/>
        <line num="9" count="1" type="cond" truecount="1" falsecount="0"/>
        <line num="10" count="92" type="stmt"/>
        <line num="12" count="92" type="stmt"/>
        <line num="13" count="92" type="stmt"/>
        <line num="14" count="92" type="stmt"/>
        <line num="15" count="92" type="stmt"/>
        <line num="16" count="92" type="stmt"/>
        <line num="17" count="92" type="stmt"/>
        <line num="20" count="92" type="stmt"/>
        <line num="22" count="92" type="cond" truecount="1" falsecount="0"/>
        <line num="23" count="92" type="stmt"/>
        <line num="24" count="92" type="stmt"/>
        <line num="25" count="92" type="stmt"/>
        <line num="26" count="92" type="stmt"/>
        <line num="27" count="92" type="stmt"/>
        <line num="29" count="92" type="stmt"/>
        <line num="30" count="0" type="stmt"/>
        <line num="31" count="0" type="stmt"/>
        <line num="33" count="92" type="cond" truecount="1" falsecount="0"/>
        <line num="34" count="2" type="stmt"/>
        <line num="35" count="2" type="stmt"/>
        <line num="40" count="92" type="cond" truecount="1" falsecount="0"/>
        <line num="41" count="54" type="stmt"/>
        <line num="42" count="54" type="stmt"/>
        <line num="43" count="54" type="stmt"/>
        <line num="66" count="92" type="cond" truecount="1" falsecount="0"/>
        <line num="67" count="46" type="cond" truecount="1" falsecount="0"/>
        <line num="68" count="9" type="stmt"/>
        <line num="69" count="9" type="stmt"/>
        <line num="70" count="46" type="stmt"/>
        <line num="75" count="92" type="cond" truecount="1" falsecount="0"/>
        <line num="76" count="2" type="stmt"/>
        <line num="77" count="2" type="stmt"/>
        <line num="78" count="2" type="stmt"/>
        <line num="79" count="2" type="stmt"/>
        <line num="80" count="2" type="stmt"/>
        <line num="81" count="2" type="stmt"/>
        <line num="86" count="92" type="cond" truecount="1" falsecount="0"/>
        <line num="87" count="31" type="cond" truecount="0" falsecount="1"/>
        <line num="88" count="0" type="stmt"/>
        <line num="89" count="0" type="stmt"/>
        <line num="90" count="31" type="stmt"/>
        <line num="91" count="31" type="stmt"/>
        <line num="92" count="31" type="stmt"/>
        <line num="93" count="31" type="stmt"/>
        <line num="94" count="31" type="stmt"/>
        <line num="95" count="92" type="stmt"/>
      </file>
      <file name="SharedString.ts" path="/Users/shangrongli/Documents/L1-repo/FluidFramework/packages/container/src/dds/SharedString.ts">
        <metrics statements="66" coveredstatements="66" conditionals="14" coveredconditionals="13" methods="11" coveredmethods="11"/>
        <line num="1" count="1" type="stmt"/>
        <line num="16" count="1" type="cond" truecount="1" falsecount="0"/>
        <line num="17" count="15" type="cond" truecount="1" falsecount="0"/>
        <line num="18" count="15" type="stmt"/>
        <line num="20" count="15" type="cond" truecount="1" falsecount="0"/>
        <line num="21" count="15" type="stmt"/>
        <line num="22" count="15" type="stmt"/>
        <line num="24" count="15" type="cond" truecount="1" falsecount="0"/>
        <line num="25" count="10" type="stmt"/>
        <line num="26" count="10" type="stmt"/>
        <line num="28" count="15" type="cond" truecount="1" falsecount="0"/>
        <line num="29" count="1" type="stmt"/>
        <line num="30" count="1" type="stmt"/>
        <line num="32" count="15" type="cond" truecount="1" falsecount="0"/>
        <line num="33" count="11" type="stmt"/>
        <line num="34" count="11" type="stmt"/>
        <line num="35" count="11" type="stmt"/>
        <line num="36" count="11" type="stmt"/>
        <line num="37" count="11" type="stmt"/>
        <line num="38" count="11" type="stmt"/>
        <line num="39" count="11" type="stmt"/>
        <line num="40" count="11" type="stmt"/>
        <line num="41" count="11" type="stmt"/>
        <line num="42" count="11" type="stmt"/>
        <line num="44" count="15" type="cond" truecount="1" falsecount="0"/>
        <line num="45" count="3" type="stmt"/>
        <line num="46" count="3" type="stmt"/>
        <line num="47" count="3" type="cond" truecount="0" falsecount="1"/>
        <line num="48" count="3" type="stmt"/>
        <line num="49" count="3" type="stmt"/>
        <line num="50" count="3" type="stmt"/>
        <line num="51" count="3" type="stmt"/>
        <line num="52" count="3" type="stmt"/>
        <line num="53" count="3" type="stmt"/>
        <line num="54" count="3" type="stmt"/>
        <line num="55" count="3" type="stmt"/>
        <line num="57" count="15" type="cond" truecount="1" falsecount="0"/>
        <line num="58" count="1" type="stmt"/>
        <line num="59" count="1" type="stmt"/>
        <line num="60" count="1" type="stmt"/>
        <line num="65" count="15" type="cond" truecount="1" falsecount="0"/>
        <line num="66" count="2" type="stmt"/>
        <line num="67" count="2" type="stmt"/>
        <line num="72" count="15" type="cond" truecount="1" falsecount="0"/>
        <line num="73" count="1" type="stmt"/>
        <line num="74" count="1" type="stmt"/>
        <line num="79" count="15" type="cond" truecount="1" falsecount="0"/>
        <line num="80" count="2" type="stmt"/>
        <line num="81" count="2" type="stmt"/>
        <line num="82" count="2" type="cond" truecount="1" falsecount="0"/>
        <line num="83" count="1" type="stmt"/>
        <line num="84" count="1" type="stmt"/>
        <line num="85" count="1" type="stmt"/>
        <line num="86" count="1" type="stmt"/>
        <line num="87" count="1" type="stmt"/>
        <line num="88" count="1" type="stmt"/>
        <line num="89" count="2" type="cond" truecount="1" falsecount="0"/>
        <line num="90" count="1" type="stmt"/>
        <line num="91" count="1" type="stmt"/>
        <line num="92" count="1" type="stmt"/>
        <line num="93" count="1" type="stmt"/>
        <line num="94" count="1" type="stmt"/>
        <line num="95" count="1" type="stmt"/>
        <line num="96" count="2" type="stmt"/>
        <line num="97" count="2" type="stmt"/>
        <line num="98" count="15" type="stmt"/>
      </file>
    </package>
    <package name="errors">
      <metrics statements="102" coveredstatements="102" conditionals="12" coveredconditionals="12" methods="11" coveredmethods="11"/>
      <file name="ContainerError.ts" path="/Users/shangrongli/Documents/L1-repo/FluidFramework/packages/container/src/errors/ContainerError.ts">
        <metrics statements="21" coveredstatements="21" conditionals="3" coveredconditionals="3" methods="3" coveredmethods="3"/>
        <line num="1" count="1" type="stmt"/>
        <line num="7" count="1" type="cond" truecount="1" falsecount="0"/>
        <line num="8" count="28" type="stmt"/>
        <line num="9" count="28" type="stmt"/>
        <line num="10" count="28" type="stmt"/>
        <line num="12" count="28" type="cond" truecount="1" falsecount="0"/>
        <line num="13" count="28" type="stmt"/>
        <line num="14" count="28" type="stmt"/>
        <line num="15" count="28" type="stmt"/>
        <line num="16" count="28" type="stmt"/>
        <line num="17" count="28" type="stmt"/>
        <line num="18" count="28" type="stmt"/>
        <line num="19" count="28" type="stmt"/>
        <line num="20" count="28" type="stmt"/>
        <line num="21" count="28" type="stmt"/>
        <line num="22" count="28" type="stmt"/>
        <line num="23" count="28" type="stmt"/>
        <line num="28" count="28" type="cond" truecount="1" falsecount="0"/>
        <line num="29" count="1" type="stmt"/>
        <line num="30" count="1" type="stmt"/>
        <line num="31" count="28" type="stmt"/>
      </file>
      <file name="ContainerErrorCode.ts" path="/Users/shangrongli/Documents/L1-repo/FluidFramework/packages/container/src/errors/ContainerErrorCode.ts">
        <metrics statements="21" coveredstatements="21" conditionals="1" coveredconditionals="1" methods="0" coveredmethods="0"/>
        <line num="5" count="1" type="cond" truecount="1" falsecount="0"/>
        <line num="7" count="1" type="stmt"/>
        <line num="8" count="1" type="stmt"/>
        <line num="9" count="1" type="stmt"/>
        <line num="10" count="1" type="stmt"/>
        <line num="13" count="1" type="stmt"/>
        <line num="14" count="1" type="stmt"/>
        <line num="15" count="1" type="stmt"/>
        <line num="16" count="1" type="stmt"/>
        <line num="17" count="1" type="stmt"/>
        <line num="20" count="1" type="stmt"/>
        <line num="21" count="1" type="stmt"/>
        <line num="22" count="1" type="stmt"/>
        <line num="25" count="1" type="stmt"/>
        <line num="26" count="1" type="stmt"/>
        <line num="27" count="1" type="stmt"/>
        <line num="28" count="1" type="stmt"/>
        <line num="29" count="1" type="stmt"/>
        <line num="32" count="1" type="stmt"/>
        <line num="33" count="1" type="stmt"/>
        <line num="34" count="1" type="stmt"/>
      </file>
      <file name="DdsError.ts" path="/Users/shangrongli/Documents/L1-repo/FluidFramework/packages/container/src/errors/DdsError.ts">
        <metrics statements="15" coveredstatements="15" conditionals="2" coveredconditionals="2" methods="2" coveredmethods="2"/>
        <line num="1" count="1" type="stmt"/>
        <line num="14" count="1" type="stmt"/>
        <line num="15" count="1" type="cond" truecount="1" falsecount="0"/>
        <line num="16" count="5" type="stmt"/>
        <line num="17" count="5" type="stmt"/>
        <line num="18" count="5" type="stmt"/>
        <line num="19" count="5" type="stmt"/>
        <line num="20" count="5" type="stmt"/>
        <line num="21" count="5" type="stmt"/>
        <line num="22" count="5" type="stmt"/>
        <line num="23" count="5" type="stmt"/>
        <line num="25" count="1" type="cond" truecount="1" falsecount="0"/>
        <line num="26" count="3" type="stmt"/>
        <line num="27" count="3" type="stmt"/>
        <line num="28" count="1" type="stmt"/>
      </file>
      <file name="SchemaError.ts" path="/Users/shangrongli/Documents/L1-repo/FluidFramework/packages/container/src/errors/SchemaError.ts">
        <metrics statements="15" coveredstatements="15" conditionals="2" coveredconditionals="2" methods="2" coveredmethods="2"/>
        <line num="1" count="1" type="stmt"/>
        <line num="13" count="1" type="stmt"/>
        <line num="14" count="1" type="cond" truecount="1" falsecount="0"/>
        <line num="15" count="8" type="stmt"/>
        <line num="16" count="8" type="stmt"/>
        <line num="17" count="8" type="stmt"/>
        <line num="18" count="8" type="stmt"/>
        <line num="19" count="8" type="stmt"/>
        <line num="20" count="8" type="stmt"/>
        <line num="21" count="8" type="stmt"/>
        <line num="22" count="8" type="stmt"/>
        <line num="24" count="1" type="cond" truecount="1" falsecount="0"/>
        <line num="25" count="1" type="stmt"/>
        <line num="26" count="1" type="stmt"/>
        <line num="27" count="1" type="stmt"/>
      </file>
      <file name="SerializationError.ts" path="/Users/shangrongli/Documents/L1-repo/FluidFramework/packages/container/src/errors/SerializationError.ts">
        <metrics statements="15" coveredstatements="15" conditionals="2" coveredconditionals="2" methods="2" coveredmethods="2"/>
        <line num="1" count="1" type="stmt"/>
        <line num="14" count="1" type="stmt"/>
        <line num="15" count="1" type="cond" truecount="1" falsecount="0"/>
        <line num="16" count="5" type="stmt"/>
        <line num="17" count="5" type="stmt"/>
        <line num="18" count="5" type="stmt"/>
        <line num="19" count="5" type="stmt"/>
        <line num="20" count="5" type="stmt"/>
        <line num="21" count="5" type="stmt"/>
        <line num="22" count="5" type="stmt"/>
        <line num="23" count="5" type="stmt"/>
        <line num="25" count="1" type="cond" truecount="1" falsecount="0"/>
        <line num="26" count="2" type="stmt"/>
        <line num="27" count="2" type="stmt"/>
        <line num="28" count="1" type="stmt"/>
      </file>
      <file name="SnapshotError.ts" path="/Users/shangrongli/Documents/L1-repo/FluidFramework/packages/container/src/errors/SnapshotError.ts">
        <metrics statements="15" coveredstatements="15" conditionals="2" coveredconditionals="2" methods="2" coveredmethods="2"/>
        <line num="1" count="1" type="stmt"/>
        <line num="12" count="1" type="stmt"/>
        <line num="13" count="1" type="cond" truecount="1" falsecount="0"/>
        <line num="14" count="3" type="stmt"/>
        <line num="15" count="3" type="stmt"/>
        <line num="16" count="3" type="stmt"/>
        <line num="17" count="3" type="stmt"/>
        <line num="18" count="3" type="stmt"/>
        <line num="19" count="3" type="stmt"/>
        <line num="20" count="3" type="stmt"/>
        <line num="21" count="3" type="stmt"/>
        <line num="23" count="1" type="cond" truecount="1" falsecount="0"/>
        <line num="24" count="3" type="stmt"/>
        <line num="25" count="3" type="stmt"/>
        <line num="26" count="1" type="stmt"/>
      </file>
    </package>
    <package name="runtime">
      <metrics statements="88" coveredstatements="84" conditionals="25" coveredconditionals="23" methods="12" coveredmethods="12"/>
      <file name="ContainerRuntime.ts" path="/Users/shangrongli/Documents/L1-repo/FluidFramework/packages/container/src/runtime/ContainerRuntime.ts">
        <metrics statements="88" coveredstatements="84" conditionals="25" coveredconditionals="23" methods="12" coveredmethods="12"/>
        <line num="1" count="1" type="stmt"/>
        <line num="14" count="1" type="cond" truecount="1" falsecount="0"/>
        <line num="15" count="35" type="stmt"/>
        <line num="16" count="35" type="stmt"/>
        <line num="17" count="35" type="stmt"/>
        <line num="18" count="35" type="stmt"/>
        <line num="19" count="35" type="stmt"/>
        <line num="20" count="35" type="stmt"/>
        <line num="22" count="35" type="cond" truecount="1" falsecount="0"/>
        <line num="23" count="35" type="stmt"/>
        <line num="24" count="35" type="cond" truecount="1" falsecount="0"/>
        <line num="25" count="35" type="stmt"/>
        <line num="30" count="35" type="cond" truecount="1" falsecount="0"/>
        <line num="31" count="16" type="stmt"/>
        <line num="32" count="16" type="stmt"/>
        <line num="37" count="35" type="cond" truecount="1" falsecount="0"/>
        <line num="38" count="1" type="stmt"/>
        <line num="39" count="1" type="stmt"/>
        <line num="44" count="35" type="cond" truecount="1" falsecount="0"/>
        <line num="45" count="9" type="stmt"/>
        <line num="46" count="9" type="stmt"/>
        <line num="51" count="35" type="cond" truecount="1" falsecount="0"/>
        <line num="52" count="55" type="cond" truecount="1" falsecount="0"/>
        <line num="53" count="55" type="cond" truecount="1" falsecount="0"/>
        <line num="54" count="1" type="stmt"/>
        <line num="55" count="1" type="stmt"/>
        <line num="56" count="1" type="stmt"/>
        <line num="57" count="1" type="stmt"/>
        <line num="58" count="1" type="stmt"/>
        <line num="59" count="1" type="cond" truecount="1" falsecount="0"/>
        <line num="61" count="54" type="stmt"/>
        <line num="62" count="54" type="cond" truecount="1" falsecount="0"/>
        <line num="63" count="54" type="stmt"/>
        <line num="64" count="54" type="stmt"/>
        <line num="65" count="55" type="stmt"/>
        <line num="70" count="35" type="cond" truecount="1" falsecount="0"/>
        <line num="71" count="9" type="cond" truecount="1" falsecount="0"/>
        <line num="72" count="7" type="stmt"/>
        <line num="73" count="7" type="cond" truecount="1" falsecount="0"/>
        <line num="74" count="2" type="stmt"/>
        <line num="75" count="2" type="stmt"/>
        <line num="76" count="2" type="stmt"/>
        <line num="77" count="2" type="stmt"/>
        <line num="78" count="9" type="stmt"/>
        <line num="84" count="35" type="cond" truecount="1" falsecount="0"/>
        <line num="85" count="3" type="stmt"/>
        <line num="86" count="3" type="stmt"/>
        <line num="87" count="3" type="cond" truecount="0" falsecount="1"/>
        <line num="88" count="0" type="stmt"/>
        <line num="89" count="0" type="stmt"/>
        <line num="90" count="3" type="stmt"/>
        <line num="91" count="3" type="cond" truecount="1" falsecount="0"/>
        <line num="92" count="2" type="stmt"/>
        <line num="93" count="2" type="stmt"/>
        <line num="94" count="3" type="stmt"/>
        <line num="99" count="35" type="cond" truecount="1" falsecount="0"/>
        <line num="100" count="13" type="stmt"/>
        <line num="101" count="13" type="stmt"/>
        <line num="106" count="35" type="cond" truecount="1" falsecount="0"/>
        <line num="107" count="9" type="stmt"/>
        <line num="108" count="9" type="cond" truecount="1" falsecount="0"/>
        <line num="109" count="16" type="stmt"/>
        <line num="110" count="16" type="stmt"/>
        <line num="111" count="9" type="stmt"/>
        <line num="112" count="9" type="stmt"/>
        <line num="117" count="35" type="cond" truecount="1" falsecount="0"/>
        <line num="118" count="3" type="cond" truecount="1" falsecount="0"/>
        <line num="119" count="3" type="stmt"/>
        <line num="120" count="3" type="stmt"/>
        <line num="121" count="3" type="stmt"/>
        <line num="122" count="3" type="stmt"/>
        <line num="123" count="3" type="stmt"/>
        <line num="124" count="3" type="stmt"/>
        <line num="129" count="35" type="cond" truecount="1" falsecount="0"/>
        <line num="130" count="15" type="cond" truecount="0" falsecount="1"/>
        <line num="131" count="0" type="stmt"/>
        <line num="132" count="0" type="stmt"/>
        <line num="133" count="15" type="stmt"/>
        <line num="134" count="15" type="cond" truecount="1" falsecount="0"/>
        <line num="135" count="30" type="stmt"/>
        <line num="136" count="30" type="stmt"/>
        <line num="137" count="15" type="stmt"/>
        <line num="138" count="15" type="stmt"/>
        <line num="139" count="15" type="stmt"/>
        <line num="140" count="15" type="stmt"/>
        <line num="141" count="15" type="stmt"/>
        <line num="142" count="15" type="stmt"/>
        <line num="143" count="35" type="stmt"/>
      </file>
    </package>
    <package name="schema">
      <metrics statements="89" coveredstatements="83" conditionals="30" coveredconditionals="29" methods="7" coveredmethods="7"/>
      <file name="ContainerSchema.ts" path="/Users/shangrongli/Documents/L1-repo/FluidFramework/packages/container/src/schema/ContainerSchema.ts">
        <metrics statements="66" coveredstatements="60" conditionals="23" coveredconditionals="22" methods="6" coveredmethods="6"/>
        <line num="1" count="1" type="stmt"/>
        <line num="9" count="1" type="cond" truecount="1" falsecount="0"/>
        <line num="10" count="34" type="stmt"/>
        <line num="11" count="34" type="stmt"/>
        <line num="13" count="34" type="cond" truecount="1" falsecount="0"/>
        <line num="14" count="34" type="stmt"/>
        <line num="15" count="34" type="stmt"/>
        <line num="16" count="34" type="cond" truecount="1" falsecount="0"/>
        <line num="17" count="20" type="cond" truecount="1" falsecount="0"/>
        <line num="18" count="10" type="stmt"/>
        <line num="19" count="34" type="stmt"/>
        <line num="24" count="34" type="cond" truecount="1" falsecount="0"/>
        <line num="25" count="5" type="stmt"/>
        <line num="26" count="5" type="stmt"/>
        <line num="31" count="34" type="cond" truecount="1" falsecount="0"/>
        <line num="32" count="2" type="stmt"/>
        <line num="33" count="2" type="stmt"/>
        <line num="38" count="34" type="cond" truecount="1" falsecount="0"/>
        <line num="39" count="8" type="stmt"/>
        <line num="40" count="8" type="stmt"/>
        <line num="41" count="8" type="stmt"/>
        <line num="42" count="8" type="stmt"/>
        <line num="43" count="8" type="stmt"/>
        <line num="48" count="34" type="cond" truecount="1" falsecount="0"/>
        <line num="49" count="34" type="cond" truecount="2" falsecount="0"/>
        <line num="50" count="1" type="stmt"/>
        <line num="51" count="1" type="stmt"/>
        <line num="52" count="1" type="stmt"/>
        <line num="53" count="1" type="stmt"/>
        <line num="54" count="1" type="cond" truecount="1" falsecount="0"/>
        <line num="56" count="33" type="stmt"/>
        <line num="57" count="34" type="cond" truecount="1" falsecount="0"/>
        <line num="58" count="1" type="stmt"/>
        <line num="59" count="1" type="stmt"/>
        <line num="60" count="1" type="stmt"/>
        <line num="61" count="1" type="stmt"/>
        <line num="62" count="1" type="cond" truecount="1" falsecount="0"/>
        <line num="64" count="34" type="cond" truecount="1" falsecount="0"/>
        <line num="65" count="53" type="cond" truecount="0" falsecount="1"/>
        <line num="66" count="0" type="stmt"/>
        <line num="67" count="0" type="stmt"/>
        <line num="68" count="0" type="stmt"/>
        <line num="69" count="0" type="stmt"/>
        <line num="70" count="0" type="stmt"/>
        <line num="71" count="0" type="stmt"/>
        <line num="72" count="53" type="cond" truecount="2" falsecount="0"/>
        <line num="73" count="1" type="stmt"/>
        <line num="74" count="1" type="stmt"/>
        <line num="75" count="1" type="stmt"/>
        <line num="76" count="1" type="stmt"/>
        <line num="77" count="1" type="stmt"/>
        <line num="78" count="1" type="stmt"/>
        <line num="79" count="53" type="cond" truecount="1" falsecount="0"/>
        <line num="81" count="34" type="cond" truecount="1" falsecount="0"/>
        <line num="82" count="21" type="cond" truecount="1" falsecount="0"/>
        <line num="83" count="24" type="cond" truecount="2" falsecount="0"/>
        <line num="84" count="1" type="stmt"/>
        <line num="85" count="1" type="stmt"/>
        <line num="86" count="1" type="stmt"/>
        <line num="87" count="1" type="stmt"/>
        <line num="88" count="1" type="stmt"/>
        <line num="89" count="1" type="stmt"/>
        <line num="90" count="24" type="cond" truecount="1" falsecount="0"/>
        <line num="91" count="20" type="stmt"/>
        <line num="92" count="34" type="stmt"/>
        <line num="93" count="34" type="stmt"/>
      </file>
      <file name="SchemaValidator.ts" path="/Users/shangrongli/Documents/L1-repo/FluidFramework/packages/container/src/schema/SchemaValidator.ts">
        <metrics statements="23" coveredstatements="23" conditionals="7" coveredconditionals="7" methods="1" coveredmethods="1"/>
        <line num="1" count="1" type="stmt"/>
        <line num="9" count="1" type="stmt"/>
        <line num="13" count="1" type="cond" truecount="1" falsecount="0"/>
        <line num="15" count="18" type="cond" truecount="1" falsecount="0"/>
        <line num="16" count="34" type="cond" truecount="1" falsecount="0"/>
        <line num="17" count="1" type="stmt"/>
        <line num="18" count="1" type="stmt"/>
        <line num="19" count="1" type="stmt"/>
        <line num="20" count="1" type="stmt"/>
        <line num="21" count="1" type="stmt"/>
        <line num="22" count="1" type="stmt"/>
        <line num="23" count="34" type="cond" truecount="1" falsecount="0"/>
        <line num="26" count="18" type="cond" truecount="1" falsecount="0"/>
        <line num="27" count="19" type="cond" truecount="1" falsecount="0"/>
        <line num="28" count="1" type="stmt"/>
        <line num="29" count="1" type="stmt"/>
        <line num="30" count="1" type="stmt"/>
        <line num="31" count="1" type="stmt"/>
        <line num="32" count="1" type="stmt"/>
        <line num="33" count="1" type="stmt"/>
        <line num="34" count="19" type="cond" truecount="1" falsecount="0"/>
        <line num="35" count="18" type="stmt"/>
        <line num="36" count="1" type="stmt"/>
      </file>
    </package>
    <package name="serialization">
      <metrics statements="269" coveredstatements="260" conditionals="72" coveredconditionals="70" methods="28" coveredmethods="27"/>
      <file name="BinaryDecoder.ts" path="/Users/shangrongli/Documents/L1-repo/FluidFramework/packages/container/src/serialization/BinaryDecoder.ts">
        <metrics statements="132" coveredstatements="124" conditionals="26" coveredconditionals="25" methods="12" coveredmethods="11"/>
        <line num="1" count="1" type="stmt"/>
        <line num="7" count="11" type="cond" truecount="1" falsecount="0"/>
        <line num="8" count="1" type="stmt"/>
        <line num="9" count="1" type="stmt"/>
        <line num="10" count="1" type="stmt"/>
        <line num="11" count="1" type="stmt"/>
        <line num="12" count="1" type="stmt"/>
        <line num="13" count="1" type="stmt"/>
        <line num="14" count="1" type="stmt"/>
        <line num="15" count="1" type="stmt"/>
        <line num="16" count="1" type="stmt"/>
        <line num="23" count="1" type="cond" truecount="1" falsecount="0"/>
        <line num="24" count="35" type="stmt"/>
        <line num="25" count="35" type="stmt"/>
        <line num="26" count="35" type="stmt"/>
        <line num="28" count="35" type="cond" truecount="1" falsecount="0"/>
        <line num="29" count="35" type="stmt"/>
        <line num="30" count="35" type="stmt"/>
        <line num="35" count="35" type="cond" truecount="1" falsecount="0"/>
        <line num="36" count="70" type="stmt"/>
        <line num="37" count="70" type="stmt"/>
        <line num="39" count="70" type="stmt"/>
        <line num="40" count="70" type="cond" truecount="1" falsecount="0"/>
        <line num="41" count="4" type="stmt"/>
        <line num="42" count="70" type="cond" truecount="1" falsecount="0"/>
        <line num="43" count="3" type="stmt"/>
        <line num="44" count="70" type="cond" truecount="1" falsecount="0"/>
        <line num="45" count="6" type="stmt"/>
        <line num="46" count="70" type="cond" truecount="1" falsecount="0"/>
        <line num="47" count="20" type="stmt"/>
        <line num="48" count="70" type="cond" truecount="1" falsecount="0"/>
        <line num="49" count="3" type="stmt"/>
        <line num="50" count="70" type="cond" truecount="1" falsecount="0"/>
        <line num="51" count="15" type="stmt"/>
        <line num="52" count="70" type="cond" truecount="1" falsecount="0"/>
        <line num="53" count="1" type="stmt"/>
        <line num="54" count="70" type="cond" truecount="1" falsecount="0"/>
        <line num="55" count="5" type="stmt"/>
        <line num="56" count="70" type="cond" truecount="1" falsecount="0"/>
        <line num="57" count="12" type="stmt"/>
        <line num="58" count="70" type="cond" truecount="1" falsecount="0"/>
        <line num="59" count="1" type="stmt"/>
        <line num="60" count="1" type="stmt"/>
        <line num="61" count="1" type="stmt"/>
        <line num="62" count="1" type="stmt"/>
        <line num="63" count="1" type="stmt"/>
        <line num="64" count="70" type="stmt"/>
        <line num="65" count="70" type="stmt"/>
        <line num="68" count="35" type="stmt"/>
        <line num="69" count="0" type="stmt"/>
        <line num="70" count="0" type="stmt"/>
        <line num="73" count="35" type="cond" truecount="1" falsecount="0"/>
        <line num="74" count="3" type="stmt"/>
        <line num="75" count="3" type="stmt"/>
        <line num="78" count="35" type="cond" truecount="1" falsecount="0"/>
        <line num="79" count="20" type="stmt"/>
        <line num="80" count="20" type="stmt"/>
        <line num="81" count="20" type="stmt"/>
        <line num="82" count="20" type="stmt"/>
        <line num="83" count="20" type="stmt"/>
        <line num="86" count="35" type="cond" truecount="1" falsecount="0"/>
        <line num="87" count="3" type="stmt"/>
        <line num="88" count="3" type="stmt"/>
        <line num="89" count="3" type="stmt"/>
        <line num="90" count="3" type="stmt"/>
        <line num="91" count="3" type="stmt"/>
        <line num="94" count="35" type="cond" truecount="1" falsecount="0"/>
        <line num="95" count="39" type="stmt"/>
        <line num="96" count="39" type="stmt"/>
        <line num="97" count="39" type="stmt"/>
        <line num="98" count="39" type="stmt"/>
        <line num="99" count="39" type="stmt"/>
        <line num="100" count="39" type="stmt"/>
        <line num="101" count="39" type="stmt"/>
        <line num="102" count="39" type="stmt"/>
        <line num="103" count="39" type="stmt"/>
        <line num="104" count="39" type="stmt"/>
        <line num="105" count="39" type="stmt"/>
        <line num="106" count="39" type="stmt"/>
        <line num="109" count="35" type="cond" truecount="1" falsecount="0"/>
        <line num="110" count="1" type="stmt"/>
        <line num="111" count="1" type="stmt"/>
        <line num="112" count="1" type="stmt"/>
        <line num="113" count="1" type="stmt"/>
        <line num="114" count="1" type="stmt"/>
        <line num="115" count="1" type="stmt"/>
        <line num="116" count="1" type="stmt"/>
        <line num="117" count="1" type="stmt"/>
        <line num="118" count="1" type="stmt"/>
        <line num="119" count="1" type="stmt"/>
        <line num="121" count="1" type="stmt"/>
        <line num="122" count="1" type="stmt"/>
        <line num="125" count="35" type="cond" truecount="1" falsecount="0"/>
        <line num="126" count="5" type="stmt"/>
        <line num="127" count="5" type="stmt"/>
        <line num="128" count="5" type="stmt"/>
        <line num="129" count="5" type="stmt"/>
        <line num="130" count="5" type="cond" truecount="1" falsecount="0"/>
        <line num="131" count="9" type="stmt"/>
        <line num="132" count="9" type="stmt"/>
        <line num="133" count="5" type="stmt"/>
        <line num="134" count="5" type="stmt"/>
        <line num="137" count="35" type="cond" truecount="1" falsecount="0"/>
        <line num="138" count="12" type="stmt"/>
        <line num="139" count="12" type="stmt"/>
        <line num="140" count="12" type="stmt"/>
        <line num="141" count="12" type="stmt"/>
        <line num="142" count="12" type="cond" truecount="1" falsecount="0"/>
        <line num="144" count="24" type="stmt"/>
        <line num="145" count="24" type="stmt"/>
        <line num="146" count="24" type="cond" truecount="0" falsecount="1"/>
        <line num="147" count="0" type="stmt"/>
        <line num="148" count="0" type="stmt"/>
        <line num="149" count="0" type="stmt"/>
        <line num="150" count="0" type="stmt"/>
        <line num="151" count="0" type="stmt"/>
        <line num="152" count="0" type="stmt"/>
        <line num="153" count="24" type="stmt"/>
        <line num="154" count="24" type="stmt"/>
        <line num="155" count="24" type="stmt"/>
        <line num="156" count="12" type="stmt"/>
        <line num="157" count="12" type="stmt"/>
        <line num="162" count="35" type="cond" truecount="1" falsecount="0"/>
        <line num="163" count="214" type="cond" truecount="1" falsecount="0"/>
        <line num="164" count="1" type="stmt"/>
        <line num="165" count="1" type="stmt"/>
        <line num="166" count="1" type="stmt"/>
        <line num="167" count="1" type="stmt"/>
        <line num="168" count="1" type="stmt"/>
        <line num="169" count="1" type="stmt"/>
        <line num="170" count="214" type="stmt"/>
        <line num="171" count="35" type="stmt"/>
      </file>
      <file name="BinaryEncoder.ts" path="/Users/shangrongli/Documents/L1-repo/FluidFramework/packages/container/src/serialization/BinaryEncoder.ts">
        <metrics statements="125" coveredstatements="124" conditionals="44" coveredconditionals="43" methods="14" coveredmethods="14"/>
        <line num="1" count="1" type="stmt"/>
        <line num="8" count="11" type="cond" truecount="1" falsecount="0"/>
        <line num="9" count="1" type="stmt"/>
        <line num="10" count="1" type="stmt"/>
        <line num="11" count="1" type="stmt"/>
        <line num="12" count="1" type="stmt"/>
        <line num="13" count="1" type="stmt"/>
        <line num="14" count="1" type="stmt"/>
        <line num="15" count="1" type="stmt"/>
        <line num="16" count="1" type="stmt"/>
        <line num="17" count="1" type="stmt"/>
        <line num="21" count="1" type="stmt"/>
        <line num="27" count="1" type="cond" truecount="1" falsecount="0"/>
        <line num="28" count="67" type="stmt"/>
        <line num="29" count="67" type="stmt"/>
        <line num="30" count="67" type="stmt"/>
        <line num="32" count="67" type="cond" truecount="1" falsecount="0"/>
        <line num="33" count="67" type="stmt"/>
        <line num="34" count="67" type="stmt"/>
        <line num="35" count="67" type="stmt"/>
        <line num="38" count="67" type="cond" truecount="1" falsecount="0"/>
        <line num="39" count="7" type="stmt"/>
        <line num="40" count="7" type="stmt"/>
        <line num="41" count="7" type="stmt"/>
        <line num="44" count="67" type="cond" truecount="1" falsecount="0"/>
        <line num="45" count="12" type="stmt"/>
        <line num="46" count="12" type="cond" truecount="2" falsecount="0"/>
        <line num="47" count="12" type="stmt"/>
        <line num="50" count="67" type="cond" truecount="1" falsecount="0"/>
        <line num="51" count="36" type="stmt"/>
        <line num="52" count="36" type="stmt"/>
        <line num="53" count="36" type="stmt"/>
        <line num="54" count="36" type="stmt"/>
        <line num="55" count="36" type="stmt"/>
        <line num="58" count="67" type="cond" truecount="1" falsecount="0"/>
        <line num="59" count="11" type="stmt"/>
        <line num="60" count="11" type="stmt"/>
        <line num="61" count="11" type="stmt"/>
        <line num="62" count="11" type="stmt"/>
        <line num="63" count="11" type="stmt"/>
        <line num="66" count="67" type="cond" truecount="1" falsecount="0"/>
        <line num="67" count="196" type="stmt"/>
        <line num="68" count="196" type="stmt"/>
        <line num="69" count="196" type="stmt"/>
        <line num="70" count="196" type="stmt"/>
        <line num="71" count="196" type="stmt"/>
        <line num="72" count="196" type="stmt"/>
        <line num="73" count="196" type="stmt"/>
        <line num="74" count="196" type="stmt"/>
        <line num="77" count="67" type="cond" truecount="1" falsecount="0"/>
        <line num="78" count="2" type="stmt"/>
        <line num="79" count="2" type="stmt"/>
        <line num="80" count="2" type="stmt"/>
        <line num="81" count="2" type="stmt"/>
        <line num="82" count="2" type="stmt"/>
        <line num="83" count="2" type="stmt"/>
        <line num="84" count="2" type="stmt"/>
        <line num="87" count="67" type="cond" truecount="1" falsecount="0"/>
        <line num="88" count="13" type="stmt"/>
        <line num="89" count="13" type="stmt"/>
        <line num="90" count="13" type="stmt"/>
        <line num="91" count="13" type="stmt"/>
        <line num="92" count="13" type="cond" truecount="1" falsecount="0"/>
        <line num="93" count="15" type="stmt"/>
        <line num="94" count="15" type="stmt"/>
        <line num="95" count="13" type="stmt"/>
        <line num="98" count="67" type="cond" truecount="1" falsecount="0"/>
        <line num="99" count="75" type="stmt"/>
        <line num="100" count="75" type="stmt"/>
        <line num="101" count="75" type="stmt"/>
        <line num="102" count="75" type="stmt"/>
        <line num="103" count="75" type="stmt"/>
        <line num="104" count="75" type="cond" truecount="1" falsecount="0"/>
        <line num="105" count="131" type="stmt"/>
        <line num="106" count="131" type="stmt"/>
        <line num="107" count="131" type="stmt"/>
        <line num="108" count="75" type="stmt"/>
        <line num="114" count="67" type="cond" truecount="1" falsecount="0"/>
        <line num="115" count="198" type="cond" truecount="2" falsecount="0"/>
        <line num="116" count="5" type="stmt"/>
        <line num="117" count="198" type="cond" truecount="2" falsecount="0"/>
        <line num="118" count="8" type="stmt"/>
        <line num="119" count="193" type="cond" truecount="3" falsecount="0"/>
        <line num="120" count="40" type="cond" truecount="3" falsecount="0"/>
        <line num="121" count="31" type="stmt"/>
        <line num="122" count="40" type="cond" truecount="1" falsecount="0"/>
        <line num="123" count="9" type="stmt"/>
        <line num="124" count="9" type="stmt"/>
        <line num="125" count="179" type="cond" truecount="3" falsecount="0"/>
        <line num="126" count="60" type="stmt"/>
        <line num="127" count="138" type="cond" truecount="1" falsecount="1"/>
        <line num="128" count="0" type="stmt"/>
        <line num="129" count="85" type="cond" truecount="1" falsecount="0"/>
        <line num="130" count="11" type="stmt"/>
        <line num="131" count="85" type="cond" truecount="2" falsecount="0"/>
        <line num="132" count="73" type="stmt"/>
        <line num="133" count="73" type="cond" truecount="1" falsecount="0"/>
        <line num="134" count="1" type="stmt"/>
        <line num="135" count="1" type="stmt"/>
        <line num="136" count="1" type="stmt"/>
        <line num="137" count="1" type="stmt"/>
        <line num="138" count="1" type="stmt"/>
        <line num="139" count="1" type="stmt"/>
        <line num="140" count="198" type="stmt"/>
        <line num="143" count="67" type="cond" truecount="1" falsecount="0"/>
        <line num="144" count="65" type="stmt"/>
        <line num="145" count="65" type="stmt"/>
        <line num="148" count="67" type="cond" truecount="1" falsecount="0"/>
        <line num="149" count="1" type="stmt"/>
        <line num="150" count="1" type="stmt"/>
        <line num="156" count="67" type="cond" truecount="1" falsecount="0"/>
        <line num="157" count="352" type="stmt"/>
        <line num="158" count="352" type="cond" truecount="1" falsecount="0"/>
        <line num="159" count="344" type="stmt"/>
        <line num="160" count="344" type="cond" truecount="2" falsecount="0"/>
        <line num="161" count="8" type="stmt"/>
        <line num="162" count="36" type="cond" truecount="1" falsecount="0"/>
        <line num="163" count="14" type="stmt"/>
        <line num="164" count="14" type="cond" truecount="1" falsecount="0"/>
        <line num="165" count="8" type="stmt"/>
        <line num="166" count="8" type="stmt"/>
        <line num="167" count="8" type="stmt"/>
        <line num="168" count="8" type="stmt"/>
        <line num="169" count="352" type="stmt"/>
        <line num="170" count="67" type="stmt"/>
      </file>
      <file name="BinarySerializer.ts" path="/Users/shangrongli/Documents/L1-repo/FluidFramework/packages/container/src/serialization/BinarySerializer.ts">
        <metrics statements="12" coveredstatements="12" conditionals="2" coveredconditionals="2" methods="2" coveredmethods="2"/>
        <line num="1" count="1" type="stmt"/>
        <line num="9" count="1" type="stmt"/>
        <line num="13" count="1" type="cond" truecount="1" falsecount="0"/>
        <line num="14" count="43" type="stmt"/>
        <line num="15" count="43" type="stmt"/>
        <line num="16" count="43" type="stmt"/>
        <line num="17" count="43" type="stmt"/>
        <line num="22" count="1" type="cond" truecount="1" falsecount="0"/>
        <line num="23" count="20" type="stmt"/>
        <line num="24" count="20" type="stmt"/>
        <line num="25" count="20" type="stmt"/>
        <line num="26" count="1" type="stmt"/>
      </file>
    </package>
    <package name="snapshot">
      <metrics statements="121" coveredstatements="101" conditionals="13" coveredconditionals="11" methods="8" coveredmethods="8"/>
      <file name="SnapshotBuilder.ts" path="/Users/shangrongli/Documents/L1-repo/FluidFramework/packages/container/src/snapshot/SnapshotBuilder.ts">
        <metrics statements="37" coveredstatements="37" conditionals="3" coveredconditionals="3" methods="2" coveredmethods="2"/>
        <line num="10" count="1" type="stmt"/>
        <line num="18" count="1" type="cond" truecount="1" falsecount="0"/>
        <line num="19" count="7" type="stmt"/>
        <line num="20" count="7" type="stmt"/>
        <line num="21" count="7" type="stmt"/>
        <line num="22" count="7" type="stmt"/>
        <line num="23" count="7" type="stmt"/>
        <line num="24" count="7" type="stmt"/>
        <line num="25" count="7" type="stmt"/>
        <line num="28" count="7" type="cond" truecount="1" falsecount="0"/>
        <line num="29" count="13" type="stmt"/>
        <line num="30" count="13" type="stmt"/>
        <line num="31" count="13" type="stmt"/>
        <line num="32" count="13" type="stmt"/>
        <line num="33" count="13" type="stmt"/>
        <line num="34" count="13" type="stmt"/>
        <line num="35" count="13" type="stmt"/>
        <line num="36" count="13" type="stmt"/>
        <line num="39" count="7" type="stmt"/>
        <line num="40" count="7" type="stmt"/>
        <line num="41" count="7" type="stmt"/>
        <line num="42" count="7" type="stmt"/>
        <line num="43" count="7" type="stmt"/>
        <line num="44" count="7" type="stmt"/>
        <line num="45" count="7" type="stmt"/>
        <line num="47" count="7" type="stmt"/>
        <line num="48" count="7" type="stmt"/>
        <line num="49" count="7" type="stmt"/>
        <line num="50" count="7" type="stmt"/>
        <line num="51" count="7" type="stmt"/>
        <line num="52" count="7" type="stmt"/>
        <line num="53" count="7" type="stmt"/>
        <line num="54" count="7" type="stmt"/>
        <line num="55" count="1" type="stmt"/>
        <line num="60" count="20" type="cond" truecount="1" falsecount="0"/>
        <line num="61" count="20" type="stmt"/>
        <line num="62" count="20" type="stmt"/>
      </file>
      <file name="SnapshotManager.ts" path="/Users/shangrongli/Documents/L1-repo/FluidFramework/packages/container/src/snapshot/SnapshotManager.ts">
        <metrics statements="84" coveredstatements="64" conditionals="10" coveredconditionals="8" methods="6" coveredmethods="6"/>
        <line num="1" count="1" type="stmt"/>
        <line num="14" count="1" type="cond" truecount="1" falsecount="0"/>
        <line num="15" count="18" type="stmt"/>
        <line num="16" count="18" type="stmt"/>
        <line num="17" count="18" type="stmt"/>
        <line num="19" count="18" type="cond" truecount="1" falsecount="0"/>
        <line num="20" count="18" type="stmt"/>
        <line num="21" count="18" type="stmt"/>
        <line num="22" count="18" type="stmt"/>
        <line num="23" count="18" type="stmt"/>
        <line num="24" count="18" type="stmt"/>
        <line num="25" count="18" type="stmt"/>
        <line num="26" count="18" type="stmt"/>
        <line num="27" count="18" type="stmt"/>
        <line num="33" count="18" type="cond" truecount="1" falsecount="0"/>
        <line num="34" count="4" type="stmt"/>
        <line num="35" count="4" type="stmt"/>
        <line num="36" count="4" type="stmt"/>
        <line num="37" count="4" type="stmt"/>
        <line num="38" count="4" type="stmt"/>
        <line num="39" count="4" type="stmt"/>
        <line num="40" count="4" type="stmt"/>
        <line num="43" count="4" type="stmt"/>
        <line num="44" count="4" type="stmt"/>
        <line num="45" count="4" type="stmt"/>
        <line num="47" count="4" type="stmt"/>
        <line num="48" count="4" type="stmt"/>
        <line num="49" count="4" type="stmt"/>
        <line num="50" count="4" type="stmt"/>
        <line num="51" count="4" type="stmt"/>
        <line num="52" count="4" type="stmt"/>
        <line num="53" count="4" type="stmt"/>
        <line num="54" count="4" type="cond" truecount="0" falsecount="1"/>
        <line num="55" count="0" type="stmt"/>
        <line num="56" count="0" type="stmt"/>
        <line num="57" count="0" type="stmt"/>
        <line num="58" count="0" type="stmt"/>
        <line num="59" count="0" type="stmt"/>
        <line num="60" count="0" type="stmt"/>
        <line num="61" count="0" type="stmt"/>
        <line num="62" count="0" type="stmt"/>
        <line num="63" count="0" type="stmt"/>
        <line num="64" count="0" type="stmt"/>
        <line num="65" count="4" type="stmt"/>
        <line num="71" count="18" type="cond" truecount="1" falsecount="0"/>
        <line num="72" count="1" type="stmt"/>
        <line num="73" count="1" type="stmt"/>
        <line num="74" count="1" type="stmt"/>
        <line num="77" count="1" type="cond" truecount="1" falsecount="0"/>
        <line num="78" count="2" type="stmt"/>
        <line num="79" count="2" type="stmt"/>
        <line num="80" count="2" type="stmt"/>
        <line num="81" count="2" type="stmt"/>
        <line num="82" count="2" type="stmt"/>
        <line num="84" count="1" type="stmt"/>
        <line num="85" count="1" type="cond" truecount="0" falsecount="1"/>
        <line num="86" count="0" type="stmt"/>
        <line num="87" count="0" type="stmt"/>
        <line num="88" count="0" type="stmt"/>
        <line num="89" count="0" type="stmt"/>
        <line num="90" count="0" type="stmt"/>
        <line num="91" count="0" type="stmt"/>
        <line num="92" count="0" type="stmt"/>
        <line num="93" count="0" type="stmt"/>
        <line num="94" count="0" type="stmt"/>
        <line num="95" count="0" type="stmt"/>
        <line num="96" count="1" type="stmt"/>
        <line num="97" count="18" type="stmt"/>
        <line num="102" count="12" type="cond" truecount="1" falsecount="0"/>
        <line num="103" count="12" type="stmt"/>
        <line num="104" count="12" type="stmt"/>
        <line num="105" count="12" type="stmt"/>
        <line num="106" count="12" type="cond" truecount="1" falsecount="0"/>
        <line num="107" count="8" type="stmt"/>
        <line num="108" count="8" type="stmt"/>
        <line num="109" count="12" type="stmt"/>
        <line num="110" count="12" type="stmt"/>
        <line num="111" count="12" type="stmt"/>
        <line num="112" count="12" type="stmt"/>
        <line num="113" count="12" type="stmt"/>
        <line num="114" count="12" type="stmt"/>
        <line num="119" count="2" type="cond" truecount="1" falsecount="0"/>
        <line num="120" count="2" type="stmt"/>
        <line num="121" count="2" type="stmt"/>
      </file>
    </package>
    <package name="utils">
      <metrics statements="100" coveredstatements="45" conditionals="13" coveredconditionals="11" methods="10" coveredmethods="8"/>
      <file name="EventEmitter.ts" path="/Users/shangrongli/Documents/L1-repo/FluidFramework/packages/container/src/utils/EventEmitter.ts">
        <metrics statements="46" coveredstatements="41" conditionals="10" coveredconditionals="9" methods="7" coveredmethods="6"/>
        <line num="1" count="1" type="stmt"/>
        <line num="7" count="1" type="cond" truecount="1" falsecount="0"/>
        <line num="10" count="112" type="stmt"/>
        <line num="11" count="112" type="stmt"/>
        <line num="16" count="112" type="cond" truecount="1" falsecount="0"/>
        <line num="17" count="42" type="stmt"/>
        <line num="18" count="42" type="stmt"/>
        <line num="19" count="42" type="stmt"/>
        <line num="24" count="112" type="cond" truecount="1" falsecount="0"/>
        <line num="25" count="1" type="stmt"/>
        <line num="26" count="1" type="stmt"/>
        <line num="27" count="1" type="stmt"/>
        <line num="32" count="112" type="cond" truecount="1" falsecount="0"/>
        <line num="33" count="94" type="stmt"/>
        <line num="34" count="94" type="stmt"/>
        <line num="35" count="94" type="stmt"/>
        <line num="36" count="94" type="stmt"/>
        <line num="37" count="94" type="stmt"/>
        <line num="38" count="94" type="cond" truecount="1" falsecount="0"/>
        <line num="39" count="1" type="stmt"/>
        <line num="40" count="1" type="stmt"/>
        <line num="41" count="1" type="stmt"/>
        <line num="42" count="1" type="cond" truecount="0" falsecount="1"/>
        <line num="43" count="1" type="stmt"/>
        <line num="44" count="1" type="stmt"/>
        <line num="45" count="1" type="stmt"/>
        <line num="46" count="1" type="stmt"/>
        <line num="47" count="94" type="stmt"/>
        <line num="52" count="112" type="stmt"/>
        <line num="53" count="0" type="stmt"/>
        <line num="54" count="0" type="stmt"/>
        <line num="55" count="0" type="stmt"/>
        <line num="56" count="0" type="stmt"/>
        <line num="57" count="0" type="stmt"/>
        <line num="62" count="112" type="cond" truecount="1" falsecount="0"/>
        <line num="63" count="6" type="stmt"/>
        <line num="64" count="6" type="stmt"/>
        <line num="69" count="112" type="cond" truecount="1" falsecount="0"/>
        <line num="70" count="47" type="cond" truecount="2" falsecount="0"/>
        <line num="71" count="1" type="stmt"/>
        <line num="72" count="46" type="stmt"/>
        <line num="73" count="46" type="stmt"/>
        <line num="74" count="46" type="stmt"/>
        <line num="75" count="47" type="stmt"/>
        <line num="76" count="47" type="stmt"/>
        <line num="77" count="112" type="stmt"/>
      </file>
      <file name="assert.ts" path="/Users/shangrongli/Documents/L1-repo/FluidFramework/packages/container/src/utils/assert.ts">
        <metrics statements="10" coveredstatements="0" conditionals="1" coveredconditionals="0" methods="1" coveredmethods="0"/>
        <line num="1" count="0" type="cond" truecount="0" falsecount="1"/>
        <line num="7" count="0" type="stmt"/>
        <line num="8" count="0" type="stmt"/>
        <line num="9" count="0" type="stmt"/>
        <line num="10" count="0" type="stmt"/>
        <line num="11" count="0" type="stmt"/>
        <line num="12" count="0" type="stmt"/>
        <line num="13" count="0" type="stmt"/>
        <line num="14" count="0" type="stmt"/>
        <line num="15" count="0" type="stmt"/>
      </file>
      <file name="logger.ts" path="/Users/shangrongli/Documents/L1-repo/FluidFramework/packages/container/src/utils/logger.ts">
        <metrics statements="40" coveredstatements="0" conditionals="1" coveredconditionals="1" methods="1" coveredmethods="1"/>
        <line num="4" count="0" type="stmt"/>
        <line num="5" count="0" type="stmt"/>
        <line num="6" count="0" type="stmt"/>
        <line num="7" count="0" type="stmt"/>
        <line num="8" count="0" type="stmt"/>
        <line num="9" count="0" type="stmt"/>
        <line num="15" count="0" type="stmt"/>
        <line num="16" count="0" type="stmt"/>
        <line num="17" count="0" type="stmt"/>
        <line num="19" count="0" type="stmt"/>
        <line num="20" count="0" type="stmt"/>
        <line num="21" count="0" type="stmt"/>
        <line num="22" count="0" type="stmt"/>
        <line num="25" count="0" type="stmt"/>
        <line num="26" count="0" type="stmt"/>
        <line num="27" count="0" type="stmt"/>
        <line num="30" count="0" type="stmt"/>
        <line num="31" count="0" type="stmt"/>
        <line num="32" count="0" type="stmt"/>
        <line num="35" count="0" type="stmt"/>
        <line num="36" count="0" type="stmt"/>
        <line num="37" count="0" type="stmt"/>
        <line num="38" count="0" type="stmt"/>
        <line num="39" count="0" type="stmt"/>
        <line num="42" count="0" type="stmt"/>
        <line num="43" count="0" type="stmt"/>
        <line num="44" count="0" type="stmt"/>
        <line num="45" count="0" type="stmt"/>
        <line num="46" count="0" type="stmt"/>
        <line num="49" count="0" type="stmt"/>
        <line num="50" count="0" type="stmt"/>
        <line num="51" count="0" type="stmt"/>
        <line num="52" count="0" type="stmt"/>
        <line num="53" count="0" type="stmt"/>
        <line num="56" count="0" type="stmt"/>
        <line num="57" count="0" type="stmt"/>
        <line num="58" count="0" type="stmt"/>
        <line num="59" count="0" type="stmt"/>
        <line num="60" count="0" type="stmt"/>
        <line num="61" count="0" type="stmt"/>
      </file>
      <file name="uuid.ts" path="/Users/shangrongli/Documents/L1-repo/FluidFramework/packages/container/src/utils/uuid.ts">
        <metrics statements="4" coveredstatements="4" conditionals="1" coveredconditionals="1" methods="1" coveredmethods="1"/>
        <line num="1" count="1" type="stmt"/>
        <line num="6" count="1" type="cond" truecount="1" falsecount="0"/>
        <line num="7" count="5" type="stmt"/>
        <line num="8" count="5" type="stmt"/>
      </file>
    </package>
  </project>
</coverage>
