{"/Users/shangrongli/Documents/L1-repo/FluidFramework/packages/container/src/container/Container.ts": {"path":"/Users/shangrongli/Documents/L1-repo/FluidFramework/packages/container/src/container/Container.ts","all":false,"statementMap":{"0":{"start":{"line":1,"column":0},"end":{"line":1,"column":80}},"24":{"start":{"line":25,"column":0},"end":{"line":25,"column":22}},"25":{"start":{"line":26,"column":0},"end":{"line":26,"column":44}},"27":{"start":{"line":28,"column":0},"end":{"line":28,"column":1}},"28":{"start":{"line":29,"column":0},"end":{"line":29,"column":28}},"29":{"start":{"line":30,"column":0},"end":{"line":30,"column":42}},"30":{"start":{"line":31,"column":0},"end":{"line":31,"column":43}},"31":{"start":{"line":32,"column":0},"end":{"line":32,"column":44}},"32":{"start":{"line":33,"column":0},"end":{"line":33,"column":51}},"33":{"start":{"line":34,"column":0},"end":{"line":34,"column":47}},"34":{"start":{"line":35,"column":0},"end":{"line":35,"column":58}},"35":{"start":{"line":36,"column":0},"end":{"line":36,"column":27}},"38":{"start":{"line":39,"column":0},"end":{"line":39,"column":45}},"39":{"start":{"line":40,"column":0},"end":{"line":40,"column":51}},"41":{"start":{"line":42,"column":0},"end":{"line":42,"column":48}},"42":{"start":{"line":43,"column":0},"end":{"line":43,"column":10}},"43":{"start":{"line":44,"column":0},"end":{"line":44,"column":31}},"44":{"start":{"line":45,"column":0},"end":{"line":45,"column":86}},"47":{"start":{"line":48,"column":0},"end":{"line":48,"column":52}},"48":{"start":{"line":49,"column":0},"end":{"line":49,"column":30}},"49":{"start":{"line":50,"column":0},"end":{"line":50,"column":54}},"52":{"start":{"line":53,"column":0},"end":{"line":53,"column":35}},"53":{"start":{"line":54,"column":0},"end":{"line":54,"column":71}},"54":{"start":{"line":55,"column":0},"end":{"line":55,"column":56}},"57":{"start":{"line":58,"column":0},"end":{"line":58,"column":45}},"58":{"start":{"line":59,"column":0},"end":{"line":59,"column":16}},"59":{"start":{"line":60,"column":0},"end":{"line":60,"column":16}},"60":{"start":{"line":61,"column":0},"end":{"line":61,"column":19}},"61":{"start":{"line":62,"column":0},"end":{"line":62,"column":4}},"62":{"start":{"line":63,"column":0},"end":{"line":63,"column":2}},"64":{"start":{"line":65,"column":0},"end":{"line":65,"column":26}},"65":{"start":{"line":66,"column":0},"end":{"line":66,"column":24}},"66":{"start":{"line":67,"column":0},"end":{"line":67,"column":2}},"72":{"start":{"line":73,"column":0},"end":{"line":73,"column":68}},"73":{"start":{"line":74,"column":0},"end":{"line":74,"column":42}},"74":{"start":{"line":75,"column":0},"end":{"line":75,"column":88}},"75":{"start":{"line":76,"column":0},"end":{"line":76,"column":35}},"76":{"start":{"line":77,"column":0},"end":{"line":77,"column":33}},"77":{"start":{"line":78,"column":0},"end":{"line":78,"column":19}},"78":{"start":{"line":79,"column":0},"end":{"line":79,"column":2}},"84":{"start":{"line":85,"column":0},"end":{"line":85,"column":66}},"85":{"start":{"line":86,"column":0},"end":{"line":86,"column":42}},"86":{"start":{"line":87,"column":0},"end":{"line":87,"column":88}},"89":{"start":{"line":90,"column":0},"end":{"line":90,"column":35}},"92":{"start":{"line":93,"column":0},"end":{"line":93,"column":34}},"93":{"start":{"line":94,"column":0},"end":{"line":94,"column":74}},"94":{"start":{"line":95,"column":0},"end":{"line":95,"column":22}},"95":{"start":{"line":96,"column":0},"end":{"line":96,"column":55}},"96":{"start":{"line":97,"column":0},"end":{"line":97,"column":75}},"97":{"start":{"line":98,"column":0},"end":{"line":98,"column":47}},"98":{"start":{"line":99,"column":0},"end":{"line":99,"column":20}},"99":{"start":{"line":100,"column":0},"end":{"line":100,"column":82}},"100":{"start":{"line":101,"column":0},"end":{"line":101,"column":6}},"101":{"start":{"line":102,"column":0},"end":{"line":102,"column":5}},"102":{"start":{"line":103,"column":0},"end":{"line":103,"column":44}},"103":{"start":{"line":104,"column":0},"end":{"line":104,"column":4}},"104":{"start":{"line":105,"column":0},"end":{"line":105,"column":3}},"107":{"start":{"line":108,"column":0},"end":{"line":108,"column":31}},"108":{"start":{"line":109,"column":0},"end":{"line":109,"column":81}},"109":{"start":{"line":110,"column":0},"end":{"line":110,"column":32}},"110":{"start":{"line":111,"column":0},"end":{"line":111,"column":43}},"111":{"start":{"line":112,"column":0},"end":{"line":112,"column":4}},"112":{"start":{"line":113,"column":0},"end":{"line":113,"column":3}},"114":{"start":{"line":115,"column":0},"end":{"line":115,"column":31}},"115":{"start":{"line":116,"column":0},"end":{"line":116,"column":19}},"116":{"start":{"line":117,"column":0},"end":{"line":117,"column":2}},"121":{"start":{"line":122,"column":0},"end":{"line":122,"column":61}},"122":{"start":{"line":123,"column":0},"end":{"line":123,"column":27}},"123":{"start":{"line":124,"column":0},"end":{"line":124,"column":53}},"124":{"start":{"line":125,"column":0},"end":{"line":125,"column":18}},"125":{"start":{"line":126,"column":0},"end":{"line":126,"column":28}},"126":{"start":{"line":127,"column":0},"end":{"line":127,"column":25}},"127":{"start":{"line":128,"column":0},"end":{"line":128,"column":35}},"128":{"start":{"line":129,"column":0},"end":{"line":129,"column":13}},"129":{"start":{"line":130,"column":0},"end":{"line":130,"column":5}},"130":{"start":{"line":131,"column":0},"end":{"line":131,"column":3}},"131":{"start":{"line":132,"column":0},"end":{"line":132,"column":50}},"132":{"start":{"line":133,"column":0},"end":{"line":133,"column":13}},"133":{"start":{"line":134,"column":0},"end":{"line":134,"column":28}},"134":{"start":{"line":135,"column":0},"end":{"line":135,"column":31}},"135":{"start":{"line":136,"column":0},"end":{"line":136,"column":35}},"136":{"start":{"line":137,"column":0},"end":{"line":137,"column":17}},"137":{"start":{"line":138,"column":0},"end":{"line":138,"column":5}},"138":{"start":{"line":139,"column":0},"end":{"line":139,"column":3}},"139":{"start":{"line":140,"column":0},"end":{"line":140,"column":13}},"140":{"start":{"line":141,"column":0},"end":{"line":141,"column":2}},"146":{"start":{"line":147,"column":0},"end":{"line":147,"column":52}},"147":{"start":{"line":148,"column":0},"end":{"line":148,"column":15}},"148":{"start":{"line":149,"column":0},"end":{"line":149,"column":14}},"149":{"start":{"line":150,"column":0},"end":{"line":150,"column":16}},"150":{"start":{"line":151,"column":0},"end":{"line":151,"column":27}},"151":{"start":{"line":152,"column":0},"end":{"line":152,"column":49}},"152":{"start":{"line":153,"column":0},"end":{"line":153,"column":28}},"153":{"start":{"line":154,"column":0},"end":{"line":154,"column":50}},"154":{"start":{"line":155,"column":0},"end":{"line":155,"column":48}},"155":{"start":{"line":156,"column":0},"end":{"line":156,"column":13}},"156":{"start":{"line":157,"column":0},"end":{"line":157,"column":5}},"157":{"start":{"line":158,"column":0},"end":{"line":158,"column":3}},"158":{"start":{"line":159,"column":0},"end":{"line":159,"column":48}},"159":{"start":{"line":160,"column":0},"end":{"line":160,"column":2}},"164":{"start":{"line":165,"column":0},"end":{"line":165,"column":45}},"165":{"start":{"line":166,"column":0},"end":{"line":166,"column":27}},"166":{"start":{"line":167,"column":0},"end":{"line":167,"column":54}},"167":{"start":{"line":168,"column":0},"end":{"line":168,"column":2}},"172":{"start":{"line":173,"column":0},"end":{"line":173,"column":18}},"173":{"start":{"line":174,"column":0},"end":{"line":174,"column":23}},"174":{"start":{"line":175,"column":0},"end":{"line":175,"column":10}},"175":{"start":{"line":176,"column":0},"end":{"line":176,"column":3}},"176":{"start":{"line":177,"column":0},"end":{"line":177,"column":24}},"177":{"start":{"line":178,"column":0},"end":{"line":178,"column":25}},"178":{"start":{"line":179,"column":0},"end":{"line":179,"column":29}},"179":{"start":{"line":180,"column":0},"end":{"line":180,"column":28}},"180":{"start":{"line":181,"column":0},"end":{"line":181,"column":2}},"185":{"start":{"line":186,"column":0},"end":{"line":186,"column":39}},"186":{"start":{"line":187,"column":0},"end":{"line":187,"column":59}},"187":{"start":{"line":188,"column":0},"end":{"line":188,"column":53}},"188":{"start":{"line":189,"column":0},"end":{"line":189,"column":45}},"191":{"start":{"line":192,"column":0},"end":{"line":192,"column":33}},"192":{"start":{"line":193,"column":0},"end":{"line":193,"column":77}},"193":{"start":{"line":194,"column":0},"end":{"line":194,"column":6}},"194":{"start":{"line":195,"column":0},"end":{"line":195,"column":3}},"195":{"start":{"line":196,"column":0},"end":{"line":196,"column":2}},"200":{"start":{"line":201,"column":0},"end":{"line":201,"column":31}},"201":{"start":{"line":202,"column":0},"end":{"line":202,"column":36}},"202":{"start":{"line":203,"column":0},"end":{"line":203,"column":72}},"203":{"start":{"line":204,"column":0},"end":{"line":204,"column":19}},"204":{"start":{"line":205,"column":0},"end":{"line":205,"column":7}},"205":{"start":{"line":206,"column":0},"end":{"line":206,"column":71}},"206":{"start":{"line":207,"column":0},"end":{"line":207,"column":66}},"207":{"start":{"line":208,"column":0},"end":{"line":208,"column":56}},"208":{"start":{"line":209,"column":0},"end":{"line":209,"column":56}},"209":{"start":{"line":210,"column":0},"end":{"line":210,"column":6}},"211":{"start":{"line":212,"column":0},"end":{"line":212,"column":36}},"212":{"start":{"line":213,"column":0},"end":{"line":213,"column":42}},"213":{"start":{"line":214,"column":0},"end":{"line":214,"column":40}},"215":{"start":{"line":216,"column":0},"end":{"line":216,"column":39}},"216":{"start":{"line":217,"column":0},"end":{"line":217,"column":19}},"217":{"start":{"line":218,"column":0},"end":{"line":218,"column":28}},"218":{"start":{"line":219,"column":0},"end":{"line":219,"column":15}},"219":{"start":{"line":220,"column":0},"end":{"line":220,"column":40}},"220":{"start":{"line":221,"column":0},"end":{"line":221,"column":29}},"221":{"start":{"line":222,"column":0},"end":{"line":222,"column":62}},"222":{"start":{"line":223,"column":0},"end":{"line":223,"column":5}},"223":{"start":{"line":224,"column":0},"end":{"line":224,"column":3}},"224":{"start":{"line":225,"column":0},"end":{"line":225,"column":2}},"229":{"start":{"line":230,"column":0},"end":{"line":230,"column":36}},"230":{"start":{"line":231,"column":0},"end":{"line":231,"column":23}},"231":{"start":{"line":232,"column":0},"end":{"line":232,"column":28}},"232":{"start":{"line":233,"column":0},"end":{"line":233,"column":13}},"233":{"start":{"line":234,"column":0},"end":{"line":234,"column":41}},"234":{"start":{"line":235,"column":0},"end":{"line":235,"column":29}},"235":{"start":{"line":236,"column":0},"end":{"line":236,"column":5}},"236":{"start":{"line":237,"column":0},"end":{"line":237,"column":3}},"237":{"start":{"line":238,"column":0},"end":{"line":238,"column":2}},"238":{"start":{"line":239,"column":0},"end":{"line":239,"column":1}}},"s":{"0":1,"24":1,"25":14,"27":14,"28":14,"29":14,"30":14,"31":14,"32":14,"33":14,"34":14,"35":14,"38":14,"39":14,"41":14,"42":14,"43":14,"44":14,"47":14,"48":14,"49":14,"52":14,"53":14,"54":14,"57":14,"58":14,"59":14,"60":14,"61":14,"62":14,"64":14,"65":2,"66":2,"72":14,"73":12,"74":12,"75":12,"76":12,"77":12,"78":12,"84":14,"85":2,"86":2,"89":2,"92":2,"93":2,"94":2,"95":1,"96":1,"97":0,"98":0,"99":0,"100":0,"101":0,"102":1,"103":1,"104":2,"107":2,"108":2,"109":2,"110":0,"111":0,"112":2,"114":2,"115":2,"116":2,"121":14,"122":6,"123":6,"124":6,"125":1,"126":1,"127":1,"128":1,"129":1,"130":1,"131":4,"132":6,"133":0,"134":0,"135":0,"136":0,"137":0,"138":0,"139":4,"140":6,"146":14,"147":2,"148":2,"149":2,"150":2,"151":2,"152":1,"153":1,"154":1,"155":1,"156":1,"157":1,"158":1,"159":2,"164":14,"165":2,"166":2,"167":2,"172":14,"173":15,"174":1,"175":1,"176":14,"177":14,"178":14,"179":14,"180":15,"185":14,"186":14,"187":28,"188":28,"191":28,"192":1,"193":28,"194":28,"195":14,"200":14,"201":14,"202":14,"203":14,"204":14,"205":14,"206":14,"207":14,"208":14,"209":14,"211":14,"212":14,"213":14,"215":14,"216":14,"217":0,"218":0,"219":0,"220":0,"221":0,"222":0,"223":0,"224":14,"229":14,"230":10,"231":2,"232":2,"233":2,"234":2,"235":2,"236":2,"237":10,"238":14},"branchMap":{"0":{"type":"branch","line":25,"loc":{"start":{"line":25,"column":7},"end":{"line":239,"column":1}},"locations":[{"start":{"line":25,"column":7},"end":{"line":239,"column":1}}]},"1":{"type":"branch","line":42,"loc":{"start":{"line":42,"column":9},"end":{"line":63,"column":2}},"locations":[{"start":{"line":42,"column":9},"end":{"line":63,"column":2}}]},"2":{"type":"branch","line":65,"loc":{"start":{"line":65,"column":1},"end":{"line":67,"column":2}},"locations":[{"start":{"line":65,"column":1},"end":{"line":67,"column":2}}]},"3":{"type":"branch","line":73,"loc":{"start":{"line":73,"column":1},"end":{"line":79,"column":2}},"locations":[{"start":{"line":73,"column":1},"end":{"line":79,"column":2}}]},"4":{"type":"branch","line":85,"loc":{"start":{"line":85,"column":1},"end":{"line":117,"column":2}},"locations":[{"start":{"line":85,"column":1},"end":{"line":117,"column":2}}]},"5":{"type":"branch","line":95,"loc":{"start":{"line":95,"column":21},"end":{"line":104,"column":4}},"locations":[{"start":{"line":95,"column":21},"end":{"line":104,"column":4}}]},"6":{"type":"branch","line":97,"loc":{"start":{"line":97,"column":74},"end":{"line":102,"column":5}},"locations":[{"start":{"line":97,"column":74},"end":{"line":102,"column":5}}]},"7":{"type":"branch","line":110,"loc":{"start":{"line":110,"column":31},"end":{"line":112,"column":4}},"locations":[{"start":{"line":110,"column":31},"end":{"line":112,"column":4}}]},"8":{"type":"branch","line":122,"loc":{"start":{"line":122,"column":1},"end":{"line":141,"column":2}},"locations":[{"start":{"line":122,"column":1},"end":{"line":141,"column":2}}]},"9":{"type":"branch","line":125,"loc":{"start":{"line":125,"column":17},"end":{"line":131,"column":3}},"locations":[{"start":{"line":125,"column":17},"end":{"line":131,"column":3}}]},"10":{"type":"branch","line":131,"loc":{"start":{"line":131,"column":2},"end":{"line":133,"column":12}},"locations":[{"start":{"line":131,"column":2},"end":{"line":133,"column":12}}]},"11":{"type":"branch","line":133,"loc":{"start":{"line":133,"column":12},"end":{"line":139,"column":3}},"locations":[{"start":{"line":133,"column":12},"end":{"line":139,"column":3}}]},"12":{"type":"branch","line":139,"loc":{"start":{"line":139,"column":2},"end":{"line":140,"column":13}},"locations":[{"start":{"line":139,"column":2},"end":{"line":140,"column":13}}]},"13":{"type":"branch","line":147,"loc":{"start":{"line":147,"column":1},"end":{"line":160,"column":2}},"locations":[{"start":{"line":147,"column":1},"end":{"line":160,"column":2}}]},"14":{"type":"branch","line":152,"loc":{"start":{"line":152,"column":48},"end":{"line":159,"column":48}},"locations":[{"start":{"line":152,"column":48},"end":{"line":159,"column":48}}]},"15":{"type":"branch","line":165,"loc":{"start":{"line":165,"column":1},"end":{"line":168,"column":2}},"locations":[{"start":{"line":165,"column":1},"end":{"line":168,"column":2}}]},"16":{"type":"branch","line":173,"loc":{"start":{"line":173,"column":1},"end":{"line":181,"column":2}},"locations":[{"start":{"line":173,"column":1},"end":{"line":181,"column":2}}]},"17":{"type":"branch","line":174,"loc":{"start":{"line":174,"column":22},"end":{"line":176,"column":3}},"locations":[{"start":{"line":174,"column":22},"end":{"line":176,"column":3}}]},"18":{"type":"branch","line":176,"loc":{"start":{"line":176,"column":2},"end":{"line":180,"column":28}},"locations":[{"start":{"line":176,"column":2},"end":{"line":180,"column":28}}]},"19":{"type":"branch","line":186,"loc":{"start":{"line":186,"column":9},"end":{"line":196,"column":2}},"locations":[{"start":{"line":186,"column":9},"end":{"line":196,"column":2}}]},"20":{"type":"branch","line":187,"loc":{"start":{"line":187,"column":58},"end":{"line":195,"column":3}},"locations":[{"start":{"line":187,"column":58},"end":{"line":195,"column":3}}]},"21":{"type":"branch","line":192,"loc":{"start":{"line":192,"column":21},"end":{"line":194,"column":4}},"locations":[{"start":{"line":192,"column":21},"end":{"line":194,"column":4}}]},"22":{"type":"branch","line":201,"loc":{"start":{"line":201,"column":1},"end":{"line":225,"column":2}},"locations":[{"start":{"line":201,"column":1},"end":{"line":225,"column":2}}]},"23":{"type":"branch","line":217,"loc":{"start":{"line":217,"column":2},"end":{"line":224,"column":3}},"locations":[{"start":{"line":217,"column":2},"end":{"line":224,"column":3}}]},"24":{"type":"branch","line":230,"loc":{"start":{"line":230,"column":9},"end":{"line":238,"column":2}},"locations":[{"start":{"line":230,"column":9},"end":{"line":238,"column":2}}]},"25":{"type":"branch","line":231,"loc":{"start":{"line":231,"column":22},"end":{"line":237,"column":3}},"locations":[{"start":{"line":231,"column":22},"end":{"line":237,"column":3}}]}},"b":{"0":[14],"1":[14],"2":[2],"3":[12],"4":[2],"5":[1],"6":[0],"7":[0],"8":[6],"9":[1],"10":[4],"11":[0],"12":[4],"13":[2],"14":[1],"15":[2],"16":[15],"17":[1],"18":[14],"19":[14],"20":[28],"21":[1],"22":[14],"23":[0],"24":[10],"25":[2]},"fnMap":{"0":{"name":"<instance_members_initializer>","decl":{"start":{"line":25,"column":7},"end":{"line":239,"column":1}},"loc":{"start":{"line":25,"column":7},"end":{"line":239,"column":1}},"line":25},"1":{"name":"Container","decl":{"start":{"line":42,"column":9},"end":{"line":63,"column":2}},"loc":{"start":{"line":42,"column":9},"end":{"line":63,"column":2}},"line":42},"2":{"name":"get disposed","decl":{"start":{"line":65,"column":1},"end":{"line":67,"column":2}},"loc":{"start":{"line":65,"column":1},"end":{"line":67,"column":2}},"line":65},"3":{"name":"create","decl":{"start":{"line":73,"column":1},"end":{"line":79,"column":2}},"loc":{"start":{"line":73,"column":1},"end":{"line":79,"column":2}},"line":73},"4":{"name":"load","decl":{"start":{"line":85,"column":1},"end":{"line":117,"column":2}},"loc":{"start":{"line":85,"column":1},"end":{"line":117,"column":2}},"line":85},"5":{"name":"getInitialObject","decl":{"start":{"line":122,"column":1},"end":{"line":141,"column":2}},"loc":{"start":{"line":122,"column":1},"end":{"line":141,"column":2}},"line":122},"6":{"name":"createDynamicObject","decl":{"start":{"line":147,"column":1},"end":{"line":160,"column":2}},"loc":{"start":{"line":147,"column":1},"end":{"line":160,"column":2}},"line":147},"7":{"name":"snapshot","decl":{"start":{"line":165,"column":1},"end":{"line":168,"column":2}},"loc":{"start":{"line":165,"column":1},"end":{"line":168,"column":2}},"line":165},"8":{"name":"dispose","decl":{"start":{"line":173,"column":1},"end":{"line":181,"column":2}},"loc":{"start":{"line":173,"column":1},"end":{"line":181,"column":2}},"line":173},"9":{"name":"createInitialObjects","decl":{"start":{"line":186,"column":9},"end":{"line":196,"column":2}},"loc":{"start":{"line":186,"column":9},"end":{"line":196,"column":2}},"line":186},"10":{"name":"connectServices","decl":{"start":{"line":201,"column":1},"end":{"line":225,"column":2}},"loc":{"start":{"line":201,"column":1},"end":{"line":225,"column":2}},"line":201},"11":{"name":"ensureNotDisposed","decl":{"start":{"line":230,"column":9},"end":{"line":238,"column":2}},"loc":{"start":{"line":230,"column":9},"end":{"line":238,"column":2}},"line":230}},"f":{"0":14,"1":14,"2":2,"3":12,"4":2,"5":6,"6":2,"7":2,"8":15,"9":14,"10":14,"11":10}}
,"/Users/shangrongli/Documents/L1-repo/FluidFramework/packages/container/src/dds/DdsFactory.ts": {"path":"/Users/shangrongli/Documents/L1-repo/FluidFramework/packages/container/src/dds/DdsFactory.ts","all":false,"statementMap":{"0":{"start":{"line":1,"column":0},"end":{"line":1,"column":57}},"15":{"start":{"line":16,"column":0},"end":{"line":16,"column":25}},"16":{"start":{"line":17,"column":0},"end":{"line":17,"column":64}},"18":{"start":{"line":19,"column":0},"end":{"line":19,"column":16}},"20":{"start":{"line":21,"column":0},"end":{"line":21,"column":59}},"21":{"start":{"line":22,"column":0},"end":{"line":22,"column":65}},"22":{"start":{"line":23,"column":0},"end":{"line":23,"column":67}},"23":{"start":{"line":24,"column":0},"end":{"line":24,"column":2}},"28":{"start":{"line":29,"column":0},"end":{"line":29,"column":56}},"29":{"start":{"line":30,"column":0},"end":{"line":30,"column":33}},"30":{"start":{"line":31,"column":0},"end":{"line":31,"column":22}},"31":{"start":{"line":32,"column":0},"end":{"line":32,"column":27}},"32":{"start":{"line":33,"column":0},"end":{"line":33,"column":40}},"33":{"start":{"line":34,"column":0},"end":{"line":34,"column":13}},"34":{"start":{"line":35,"column":0},"end":{"line":35,"column":5}},"35":{"start":{"line":36,"column":0},"end":{"line":36,"column":3}},"36":{"start":{"line":37,"column":0},"end":{"line":37,"column":36}},"37":{"start":{"line":38,"column":0},"end":{"line":38,"column":2}},"42":{"start":{"line":43,"column":0},"end":{"line":43,"column":53}},"43":{"start":{"line":44,"column":0},"end":{"line":44,"column":43}},"44":{"start":{"line":45,"column":0},"end":{"line":45,"column":17}},"45":{"start":{"line":46,"column":0},"end":{"line":46,"column":25}},"46":{"start":{"line":47,"column":0},"end":{"line":47,"column":28}},"47":{"start":{"line":48,"column":0},"end":{"line":48,"column":38}},"48":{"start":{"line":49,"column":0},"end":{"line":49,"column":13}},"49":{"start":{"line":50,"column":0},"end":{"line":50,"column":5}},"50":{"start":{"line":51,"column":0},"end":{"line":51,"column":3}},"51":{"start":{"line":52,"column":0},"end":{"line":52,"column":21}},"52":{"start":{"line":53,"column":0},"end":{"line":53,"column":2}},"57":{"start":{"line":58,"column":0},"end":{"line":58,"column":44}},"58":{"start":{"line":59,"column":0},"end":{"line":59,"column":40}},"59":{"start":{"line":60,"column":0},"end":{"line":60,"column":2}},"64":{"start":{"line":65,"column":0},"end":{"line":65,"column":33}},"65":{"start":{"line":66,"column":0},"end":{"line":66,"column":34}},"66":{"start":{"line":67,"column":0},"end":{"line":67,"column":2}},"67":{"start":{"line":68,"column":0},"end":{"line":68,"column":1}}},"s":{"0":1,"15":1,"16":43,"18":43,"20":43,"21":43,"22":43,"23":43,"28":43,"29":131,"30":1,"31":1,"32":1,"33":1,"34":1,"35":1,"36":130,"37":131,"42":43,"43":59,"44":59,"45":1,"46":1,"47":1,"48":1,"49":1,"50":1,"51":58,"52":59,"57":43,"58":16,"59":16,"64":43,"65":4,"66":4,"67":43},"branchMap":{"0":{"type":"branch","line":16,"loc":{"start":{"line":16,"column":7},"end":{"line":68,"column":1}},"locations":[{"start":{"line":16,"column":7},"end":{"line":68,"column":1}}]},"1":{"type":"branch","line":19,"loc":{"start":{"line":19,"column":1},"end":{"line":24,"column":2}},"locations":[{"start":{"line":19,"column":1},"end":{"line":24,"column":2}}]},"2":{"type":"branch","line":21,"loc":{"start":{"line":21,"column":32},"end":{"line":21,"column":57}},"locations":[{"start":{"line":21,"column":32},"end":{"line":21,"column":57}}]},"3":{"type":"branch","line":22,"loc":{"start":{"line":22,"column":35},"end":{"line":22,"column":63}},"locations":[{"start":{"line":22,"column":35},"end":{"line":22,"column":63}}]},"4":{"type":"branch","line":23,"loc":{"start":{"line":23,"column":36},"end":{"line":23,"column":65}},"locations":[{"start":{"line":23,"column":36},"end":{"line":23,"column":65}}]},"5":{"type":"branch","line":29,"loc":{"start":{"line":29,"column":1},"end":{"line":38,"column":2}},"locations":[{"start":{"line":29,"column":1},"end":{"line":38,"column":2}}]},"6":{"type":"branch","line":30,"loc":{"start":{"line":30,"column":32},"end":{"line":36,"column":3}},"locations":[{"start":{"line":30,"column":32},"end":{"line":36,"column":3}}]},"7":{"type":"branch","line":36,"loc":{"start":{"line":36,"column":2},"end":{"line":37,"column":36}},"locations":[{"start":{"line":36,"column":2},"end":{"line":37,"column":36}}]},"8":{"type":"branch","line":43,"loc":{"start":{"line":43,"column":1},"end":{"line":53,"column":2}},"locations":[{"start":{"line":43,"column":1},"end":{"line":53,"column":2}}]},"9":{"type":"branch","line":45,"loc":{"start":{"line":45,"column":16},"end":{"line":51,"column":3}},"locations":[{"start":{"line":45,"column":16},"end":{"line":51,"column":3}}]},"10":{"type":"branch","line":51,"loc":{"start":{"line":51,"column":2},"end":{"line":52,"column":21}},"locations":[{"start":{"line":51,"column":2},"end":{"line":52,"column":21}}]},"11":{"type":"branch","line":58,"loc":{"start":{"line":58,"column":1},"end":{"line":60,"column":2}},"locations":[{"start":{"line":58,"column":1},"end":{"line":60,"column":2}}]},"12":{"type":"branch","line":65,"loc":{"start":{"line":65,"column":1},"end":{"line":67,"column":2}},"locations":[{"start":{"line":65,"column":1},"end":{"line":67,"column":2}}]}},"b":{"0":[43],"1":[43],"2":[33],"3":[3],"4":[21],"5":[131],"6":[1],"7":[130],"8":[59],"9":[1],"10":[58],"11":[16],"12":[4]},"fnMap":{"0":{"name":"<instance_members_initializer>","decl":{"start":{"line":16,"column":7},"end":{"line":68,"column":1}},"loc":{"start":{"line":16,"column":7},"end":{"line":68,"column":1}},"line":16},"1":{"name":"DdsFactory","decl":{"start":{"line":19,"column":1},"end":{"line":24,"column":2}},"loc":{"start":{"line":19,"column":1},"end":{"line":24,"column":2}},"line":19},"2":{"name":"register","decl":{"start":{"line":29,"column":1},"end":{"line":38,"column":2}},"loc":{"start":{"line":29,"column":1},"end":{"line":38,"column":2}},"line":29},"3":{"name":"create","decl":{"start":{"line":43,"column":1},"end":{"line":53,"column":2}},"loc":{"start":{"line":43,"column":1},"end":{"line":53,"column":2}},"line":43},"4":{"name":"getRegisteredTypes","decl":{"start":{"line":58,"column":1},"end":{"line":60,"column":2}},"loc":{"start":{"line":58,"column":1},"end":{"line":60,"column":2}},"line":58},"5":{"name":"hasType","decl":{"start":{"line":65,"column":1},"end":{"line":67,"column":2}},"loc":{"start":{"line":65,"column":1},"end":{"line":67,"column":2}},"line":65}},"f":{"0":43,"1":43,"2":131,"3":59,"4":16,"5":4}}
,"/Users/shangrongli/Documents/L1-repo/FluidFramework/packages/container/src/dds/SharedCounter.ts": {"path":"/Users/shangrongli/Documents/L1-repo/FluidFramework/packages/container/src/dds/SharedCounter.ts","all":false,"statementMap":{"0":{"start":{"line":1,"column":0},"end":{"line":1,"column":57}},"13":{"start":{"line":14,"column":0},"end":{"line":14,"column":79}},"14":{"start":{"line":15,"column":0},"end":{"line":15,"column":47}},"15":{"start":{"line":16,"column":0},"end":{"line":16,"column":27}},"17":{"start":{"line":18,"column":0},"end":{"line":18,"column":26}},"18":{"start":{"line":19,"column":0},"end":{"line":19,"column":32}},"19":{"start":{"line":20,"column":0},"end":{"line":20,"column":2}},"21":{"start":{"line":22,"column":0},"end":{"line":22,"column":21}},"22":{"start":{"line":23,"column":0},"end":{"line":23,"column":20}},"23":{"start":{"line":24,"column":0},"end":{"line":24,"column":2}},"25":{"start":{"line":26,"column":0},"end":{"line":26,"column":38}},"26":{"start":{"line":27,"column":0},"end":{"line":27,"column":23}},"27":{"start":{"line":28,"column":0},"end":{"line":28,"column":57}},"28":{"start":{"line":29,"column":0},"end":{"line":29,"column":25}},"29":{"start":{"line":30,"column":0},"end":{"line":30,"column":28}},"30":{"start":{"line":31,"column":0},"end":{"line":31,"column":21}},"31":{"start":{"line":32,"column":0},"end":{"line":32,"column":19}},"32":{"start":{"line":33,"column":0},"end":{"line":33,"column":5}},"33":{"start":{"line":34,"column":0},"end":{"line":34,"column":2}},"35":{"start":{"line":36,"column":0},"end":{"line":36,"column":38}},"36":{"start":{"line":37,"column":0},"end":{"line":37,"column":26}},"37":{"start":{"line":38,"column":0},"end":{"line":38,"column":2}},"42":{"start":{"line":43,"column":0},"end":{"line":43,"column":25}},"43":{"start":{"line":44,"column":0},"end":{"line":44,"column":44}},"44":{"start":{"line":45,"column":0},"end":{"line":45,"column":2}},"49":{"start":{"line":50,"column":0},"end":{"line":50,"column":43}},"50":{"start":{"line":51,"column":0},"end":{"line":51,"column":54}},"51":{"start":{"line":52,"column":0},"end":{"line":52,"column":2}},"56":{"start":{"line":57,"column":0},"end":{"line":57,"column":29}},"57":{"start":{"line":58,"column":0},"end":{"line":58,"column":37}},"58":{"start":{"line":59,"column":0},"end":{"line":59,"column":41}},"59":{"start":{"line":60,"column":0},"end":{"line":60,"column":34}},"60":{"start":{"line":61,"column":0},"end":{"line":61,"column":3}},"61":{"start":{"line":62,"column":0},"end":{"line":62,"column":2}},"62":{"start":{"line":63,"column":0},"end":{"line":63,"column":1}}},"s":{"0":1,"13":1,"14":30,"15":30,"17":30,"18":30,"19":30,"21":30,"22":9,"23":9,"25":30,"26":9,"27":9,"28":9,"29":9,"30":9,"31":9,"32":9,"33":9,"35":30,"36":2,"37":2,"42":30,"43":7,"44":7,"49":30,"50":2,"51":2,"56":30,"57":2,"58":2,"59":2,"60":2,"61":2,"62":30},"branchMap":{"0":{"type":"branch","line":14,"loc":{"start":{"line":14,"column":7},"end":{"line":63,"column":1}},"locations":[{"start":{"line":14,"column":7},"end":{"line":63,"column":1}}]},"1":{"type":"branch","line":15,"loc":{"start":{"line":15,"column":1},"end":{"line":15,"column":47}},"locations":[{"start":{"line":15,"column":1},"end":{"line":15,"column":47}}]},"2":{"type":"branch","line":18,"loc":{"start":{"line":18,"column":1},"end":{"line":20,"column":2}},"locations":[{"start":{"line":18,"column":1},"end":{"line":20,"column":2}}]},"3":{"type":"branch","line":22,"loc":{"start":{"line":22,"column":1},"end":{"line":24,"column":2}},"locations":[{"start":{"line":22,"column":1},"end":{"line":24,"column":2}}]},"4":{"type":"branch","line":26,"loc":{"start":{"line":26,"column":1},"end":{"line":34,"column":2}},"locations":[{"start":{"line":26,"column":1},"end":{"line":34,"column":2}}]},"5":{"type":"branch","line":36,"loc":{"start":{"line":36,"column":1},"end":{"line":38,"column":2}},"locations":[{"start":{"line":36,"column":1},"end":{"line":38,"column":2}}]},"6":{"type":"branch","line":43,"loc":{"start":{"line":43,"column":1},"end":{"line":45,"column":2}},"locations":[{"start":{"line":43,"column":1},"end":{"line":45,"column":2}}]},"7":{"type":"branch","line":50,"loc":{"start":{"line":50,"column":1},"end":{"line":52,"column":2}},"locations":[{"start":{"line":50,"column":1},"end":{"line":52,"column":2}}]},"8":{"type":"branch","line":57,"loc":{"start":{"line":57,"column":1},"end":{"line":62,"column":2}},"locations":[{"start":{"line":57,"column":1},"end":{"line":62,"column":2}}]}},"b":{"0":[30],"1":[6],"2":[30],"3":[9],"4":[9],"5":[2],"6":[7],"7":[2],"8":[2]},"fnMap":{"0":{"name":"<instance_members_initializer>","decl":{"start":{"line":14,"column":7},"end":{"line":63,"column":1}},"loc":{"start":{"line":14,"column":7},"end":{"line":63,"column":1}},"line":14},"1":{"name":"<static_initializer>","decl":{"start":{"line":15,"column":1},"end":{"line":15,"column":47}},"loc":{"start":{"line":15,"column":1},"end":{"line":15,"column":47}},"line":15},"2":{"name":"SharedCounter","decl":{"start":{"line":18,"column":1},"end":{"line":20,"column":2}},"loc":{"start":{"line":18,"column":1},"end":{"line":20,"column":2}},"line":18},"3":{"name":"getValue","decl":{"start":{"line":22,"column":1},"end":{"line":24,"column":2}},"loc":{"start":{"line":22,"column":1},"end":{"line":24,"column":2}},"line":22},"4":{"name":"increment","decl":{"start":{"line":26,"column":1},"end":{"line":34,"column":2}},"loc":{"start":{"line":26,"column":1},"end":{"line":34,"column":2}},"line":26},"5":{"name":"decrement","decl":{"start":{"line":36,"column":1},"end":{"line":38,"column":2}},"loc":{"start":{"line":36,"column":1},"end":{"line":38,"column":2}},"line":36},"6":{"name":"snapshot","decl":{"start":{"line":43,"column":1},"end":{"line":45,"column":2}},"loc":{"start":{"line":43,"column":1},"end":{"line":45,"column":2}},"line":43},"7":{"name":"loadFromSnapshot","decl":{"start":{"line":50,"column":1},"end":{"line":52,"column":2}},"loc":{"start":{"line":50,"column":1},"end":{"line":52,"column":2}},"line":50},"8":{"name":"applyOp","decl":{"start":{"line":57,"column":1},"end":{"line":62,"column":2}},"loc":{"start":{"line":57,"column":1},"end":{"line":62,"column":2}},"line":57}},"f":{"0":30,"1":6,"2":30,"3":9,"4":9,"5":2,"6":7,"7":2,"8":2}}
,"/Users/shangrongli/Documents/L1-repo/FluidFramework/packages/container/src/dds/SharedMap.ts": {"path":"/Users/shangrongli/Documents/L1-repo/FluidFramework/packages/container/src/dds/SharedMap.ts","all":false,"statementMap":{"0":{"start":{"line":1,"column":0},"end":{"line":1,"column":57}},"14":{"start":{"line":15,"column":0},"end":{"line":15,"column":71}},"15":{"start":{"line":16,"column":0},"end":{"line":16,"column":43}},"16":{"start":{"line":17,"column":0},"end":{"line":17,"column":52}},"18":{"start":{"line":19,"column":0},"end":{"line":19,"column":26}},"19":{"start":{"line":20,"column":0},"end":{"line":20,"column":28}},"20":{"start":{"line":21,"column":0},"end":{"line":21,"column":2}},"22":{"start":{"line":23,"column":0},"end":{"line":23,"column":21}},"23":{"start":{"line":24,"column":0},"end":{"line":24,"column":24}},"24":{"start":{"line":25,"column":0},"end":{"line":25,"column":2}},"26":{"start":{"line":27,"column":0},"end":{"line":27,"column":47}},"27":{"start":{"line":28,"column":0},"end":{"line":28,"column":45}},"28":{"start":{"line":29,"column":0},"end":{"line":29,"column":2}},"30":{"start":{"line":31,"column":0},"end":{"line":31,"column":48}},"31":{"start":{"line":32,"column":0},"end":{"line":32,"column":28}},"32":{"start":{"line":33,"column":0},"end":{"line":33,"column":51}},"33":{"start":{"line":34,"column":0},"end":{"line":34,"column":25}},"34":{"start":{"line":35,"column":0},"end":{"line":35,"column":28}},"35":{"start":{"line":36,"column":0},"end":{"line":36,"column":21}},"36":{"start":{"line":37,"column":0},"end":{"line":37,"column":19}},"37":{"start":{"line":38,"column":0},"end":{"line":38,"column":13}},"38":{"start":{"line":39,"column":0},"end":{"line":39,"column":5}},"39":{"start":{"line":40,"column":0},"end":{"line":40,"column":2}},"41":{"start":{"line":42,"column":0},"end":{"line":42,"column":31}},"42":{"start":{"line":43,"column":0},"end":{"line":43,"column":40}},"43":{"start":{"line":44,"column":0},"end":{"line":44,"column":16}},"44":{"start":{"line":45,"column":0},"end":{"line":45,"column":48}},"45":{"start":{"line":46,"column":0},"end":{"line":46,"column":26}},"46":{"start":{"line":47,"column":0},"end":{"line":47,"column":29}},"47":{"start":{"line":48,"column":0},"end":{"line":48,"column":22}},"48":{"start":{"line":49,"column":0},"end":{"line":49,"column":20}},"49":{"start":{"line":50,"column":0},"end":{"line":50,"column":14}},"50":{"start":{"line":51,"column":0},"end":{"line":51,"column":6}},"51":{"start":{"line":52,"column":0},"end":{"line":52,"column":3}},"52":{"start":{"line":53,"column":0},"end":{"line":53,"column":17}},"53":{"start":{"line":54,"column":0},"end":{"line":54,"column":2}},"55":{"start":{"line":56,"column":0},"end":{"line":56,"column":28}},"56":{"start":{"line":57,"column":0},"end":{"line":57,"column":28}},"57":{"start":{"line":58,"column":0},"end":{"line":58,"column":2}},"59":{"start":{"line":60,"column":0},"end":{"line":60,"column":35}},"60":{"start":{"line":61,"column":0},"end":{"line":61,"column":26}},"61":{"start":{"line":62,"column":0},"end":{"line":62,"column":2}},"63":{"start":{"line":64,"column":0},"end":{"line":64,"column":65}},"64":{"start":{"line":65,"column":0},"end":{"line":65,"column":58}},"65":{"start":{"line":66,"column":0},"end":{"line":66,"column":2}},"70":{"start":{"line":71,"column":0},"end":{"line":71,"column":25}},"71":{"start":{"line":72,"column":0},"end":{"line":72,"column":42}},"72":{"start":{"line":73,"column":0},"end":{"line":73,"column":37}},"73":{"start":{"line":74,"column":0},"end":{"line":74,"column":20}},"74":{"start":{"line":75,"column":0},"end":{"line":75,"column":5}},"75":{"start":{"line":76,"column":0},"end":{"line":76,"column":37}},"76":{"start":{"line":77,"column":0},"end":{"line":77,"column":2}},"81":{"start":{"line":82,"column":0},"end":{"line":82,"column":43}},"82":{"start":{"line":83,"column":0},"end":{"line":83,"column":70}},"83":{"start":{"line":84,"column":0},"end":{"line":84,"column":20}},"84":{"start":{"line":85,"column":0},"end":{"line":85,"column":51}},"85":{"start":{"line":86,"column":0},"end":{"line":86,"column":29}},"86":{"start":{"line":87,"column":0},"end":{"line":87,"column":3}},"87":{"start":{"line":88,"column":0},"end":{"line":88,"column":2}},"92":{"start":{"line":93,"column":0},"end":{"line":93,"column":29}},"93":{"start":{"line":94,"column":0},"end":{"line":94,"column":29}},"94":{"start":{"line":95,"column":0},"end":{"line":95,"column":25}},"95":{"start":{"line":96,"column":0},"end":{"line":96,"column":14}},"96":{"start":{"line":97,"column":0},"end":{"line":97,"column":42}},"97":{"start":{"line":98,"column":0},"end":{"line":98,"column":10}},"98":{"start":{"line":99,"column":0},"end":{"line":99,"column":17}},"99":{"start":{"line":100,"column":0},"end":{"line":100,"column":32}},"100":{"start":{"line":101,"column":0},"end":{"line":101,"column":10}},"101":{"start":{"line":102,"column":0},"end":{"line":102,"column":3}},"102":{"start":{"line":103,"column":0},"end":{"line":103,"column":2}},"103":{"start":{"line":104,"column":0},"end":{"line":104,"column":1}}},"s":{"0":1,"14":1,"15":47,"16":47,"18":47,"19":47,"20":47,"22":47,"23":3,"24":3,"26":47,"27":9,"28":9,"30":47,"31":22,"32":22,"33":22,"34":22,"35":22,"36":22,"37":22,"38":22,"39":22,"41":47,"42":2,"43":2,"44":1,"45":1,"46":1,"47":1,"48":1,"49":1,"50":1,"51":1,"52":2,"53":2,"55":47,"56":4,"57":4,"59":47,"60":1,"61":1,"63":47,"64":1,"65":1,"70":47,"71":10,"72":10,"73":9,"74":10,"75":10,"76":10,"81":47,"82":3,"83":3,"84":3,"85":6,"86":6,"87":3,"92":47,"93":4,"94":4,"95":4,"96":3,"97":3,"98":4,"99":1,"100":1,"101":4,"102":4,"103":47},"branchMap":{"0":{"type":"branch","line":15,"loc":{"start":{"line":15,"column":7},"end":{"line":104,"column":1}},"locations":[{"start":{"line":15,"column":7},"end":{"line":104,"column":1}}]},"1":{"type":"branch","line":16,"loc":{"start":{"line":16,"column":1},"end":{"line":16,"column":43}},"locations":[{"start":{"line":16,"column":1},"end":{"line":16,"column":43}}]},"2":{"type":"branch","line":19,"loc":{"start":{"line":19,"column":1},"end":{"line":21,"column":2}},"locations":[{"start":{"line":19,"column":1},"end":{"line":21,"column":2}}]},"3":{"type":"branch","line":23,"loc":{"start":{"line":23,"column":1},"end":{"line":25,"column":2}},"locations":[{"start":{"line":23,"column":1},"end":{"line":25,"column":2}}]},"4":{"type":"branch","line":27,"loc":{"start":{"line":27,"column":1},"end":{"line":29,"column":2}},"locations":[{"start":{"line":27,"column":1},"end":{"line":29,"column":2}}]},"5":{"type":"branch","line":31,"loc":{"start":{"line":31,"column":1},"end":{"line":40,"column":2}},"locations":[{"start":{"line":31,"column":1},"end":{"line":40,"column":2}}]},"6":{"type":"branch","line":42,"loc":{"start":{"line":42,"column":1},"end":{"line":54,"column":2}},"locations":[{"start":{"line":42,"column":1},"end":{"line":54,"column":2}}]},"7":{"type":"branch","line":44,"loc":{"start":{"line":44,"column":15},"end":{"line":52,"column":3}},"locations":[{"start":{"line":44,"column":15},"end":{"line":52,"column":3}}]},"8":{"type":"branch","line":56,"loc":{"start":{"line":56,"column":1},"end":{"line":58,"column":2}},"locations":[{"start":{"line":56,"column":1},"end":{"line":58,"column":2}}]},"9":{"type":"branch","line":60,"loc":{"start":{"line":60,"column":1},"end":{"line":62,"column":2}},"locations":[{"start":{"line":60,"column":1},"end":{"line":62,"column":2}}]},"10":{"type":"branch","line":64,"loc":{"start":{"line":64,"column":1},"end":{"line":66,"column":2}},"locations":[{"start":{"line":64,"column":1},"end":{"line":66,"column":2}}]},"11":{"type":"branch","line":65,"loc":{"start":{"line":65,"column":20},"end":{"line":65,"column":56}},"locations":[{"start":{"line":65,"column":20},"end":{"line":65,"column":56}}]},"12":{"type":"branch","line":71,"loc":{"start":{"line":71,"column":1},"end":{"line":77,"column":2}},"locations":[{"start":{"line":71,"column":1},"end":{"line":77,"column":2}}]},"13":{"type":"branch","line":73,"loc":{"start":{"line":73,"column":20},"end":{"line":75,"column":3}},"locations":[{"start":{"line":73,"column":20},"end":{"line":75,"column":3}}]},"14":{"type":"branch","line":82,"loc":{"start":{"line":82,"column":1},"end":{"line":88,"column":2}},"locations":[{"start":{"line":82,"column":1},"end":{"line":88,"column":2}}]},"15":{"type":"branch","line":85,"loc":{"start":{"line":85,"column":50},"end":{"line":87,"column":3}},"locations":[{"start":{"line":85,"column":50},"end":{"line":87,"column":3}}]},"16":{"type":"branch","line":93,"loc":{"start":{"line":93,"column":1},"end":{"line":103,"column":2}},"locations":[{"start":{"line":93,"column":1},"end":{"line":103,"column":2}}]},"17":{"type":"branch","line":96,"loc":{"start":{"line":96,"column":3},"end":{"line":98,"column":10}},"locations":[{"start":{"line":96,"column":3},"end":{"line":98,"column":10}}]},"18":{"type":"branch","line":99,"loc":{"start":{"line":99,"column":3},"end":{"line":101,"column":10}},"locations":[{"start":{"line":99,"column":3},"end":{"line":101,"column":10}}]}},"b":{"0":[47],"1":[6],"2":[47],"3":[3],"4":[9],"5":[22],"6":[2],"7":[1],"8":[4],"9":[1],"10":[1],"11":[2],"12":[10],"13":[9],"14":[3],"15":[6],"16":[4],"17":[3],"18":[1]},"fnMap":{"0":{"name":"<instance_members_initializer>","decl":{"start":{"line":15,"column":7},"end":{"line":104,"column":1}},"loc":{"start":{"line":15,"column":7},"end":{"line":104,"column":1}},"line":15},"1":{"name":"<static_initializer>","decl":{"start":{"line":16,"column":1},"end":{"line":16,"column":43}},"loc":{"start":{"line":16,"column":1},"end":{"line":16,"column":43}},"line":16},"2":{"name":"SharedMap","decl":{"start":{"line":19,"column":1},"end":{"line":21,"column":2}},"loc":{"start":{"line":19,"column":1},"end":{"line":21,"column":2}},"line":19},"3":{"name":"get size","decl":{"start":{"line":23,"column":1},"end":{"line":25,"column":2}},"loc":{"start":{"line":23,"column":1},"end":{"line":25,"column":2}},"line":23},"4":{"name":"get","decl":{"start":{"line":27,"column":1},"end":{"line":29,"column":2}},"loc":{"start":{"line":27,"column":1},"end":{"line":29,"column":2}},"line":27},"5":{"name":"set","decl":{"start":{"line":31,"column":1},"end":{"line":40,"column":2}},"loc":{"start":{"line":31,"column":1},"end":{"line":40,"column":2}},"line":31},"6":{"name":"delete","decl":{"start":{"line":42,"column":1},"end":{"line":54,"column":2}},"loc":{"start":{"line":42,"column":1},"end":{"line":54,"column":2}},"line":42},"7":{"name":"has","decl":{"start":{"line":56,"column":1},"end":{"line":58,"column":2}},"loc":{"start":{"line":56,"column":1},"end":{"line":58,"column":2}},"line":56},"8":{"name":"keys","decl":{"start":{"line":60,"column":1},"end":{"line":62,"column":2}},"loc":{"start":{"line":60,"column":1},"end":{"line":62,"column":2}},"line":60},"9":{"name":"forEach","decl":{"start":{"line":64,"column":1},"end":{"line":66,"column":2}},"loc":{"start":{"line":64,"column":1},"end":{"line":66,"column":2}},"line":64},"10":{"name":"snapshot","decl":{"start":{"line":71,"column":1},"end":{"line":77,"column":2}},"loc":{"start":{"line":71,"column":1},"end":{"line":77,"column":2}},"line":71},"11":{"name":"loadFromSnapshot","decl":{"start":{"line":82,"column":1},"end":{"line":88,"column":2}},"loc":{"start":{"line":82,"column":1},"end":{"line":88,"column":2}},"line":82},"12":{"name":"applyOp","decl":{"start":{"line":93,"column":1},"end":{"line":103,"column":2}},"loc":{"start":{"line":93,"column":1},"end":{"line":103,"column":2}},"line":93}},"f":{"0":47,"1":6,"2":47,"3":3,"4":9,"5":22,"6":2,"7":4,"8":1,"9":1,"10":10,"11":3,"12":4}}
,"/Users/shangrongli/Documents/L1-repo/FluidFramework/packages/container/src/dds/SharedObjectBase.ts": {"path":"/Users/shangrongli/Documents/L1-repo/FluidFramework/packages/container/src/dds/SharedObjectBase.ts","all":false,"statementMap":{"0":{"start":{"line":1,"column":0},"end":{"line":1,"column":61}},"8":{"start":{"line":9,"column":0},"end":{"line":9,"column":38}},"9":{"start":{"line":10,"column":0},"end":{"line":10,"column":38}},"11":{"start":{"line":12,"column":0},"end":{"line":12,"column":1}},"12":{"start":{"line":13,"column":0},"end":{"line":13,"column":28}},"13":{"start":{"line":14,"column":0},"end":{"line":14,"column":30}},"14":{"start":{"line":15,"column":0},"end":{"line":15,"column":36}},"15":{"start":{"line":16,"column":0},"end":{"line":16,"column":36}},"16":{"start":{"line":17,"column":0},"end":{"line":17,"column":49}},"19":{"start":{"line":20,"column":0},"end":{"line":20,"column":78}},"21":{"start":{"line":22,"column":0},"end":{"line":22,"column":40}},"22":{"start":{"line":23,"column":0},"end":{"line":23,"column":10}},"23":{"start":{"line":24,"column":0},"end":{"line":24,"column":15}},"24":{"start":{"line":25,"column":0},"end":{"line":25,"column":19}},"25":{"start":{"line":26,"column":0},"end":{"line":26,"column":43}},"26":{"start":{"line":27,"column":0},"end":{"line":27,"column":2}},"28":{"start":{"line":29,"column":0},"end":{"line":29,"column":26}},"29":{"start":{"line":30,"column":0},"end":{"line":30,"column":24}},"30":{"start":{"line":31,"column":0},"end":{"line":31,"column":2}},"32":{"start":{"line":33,"column":0},"end":{"line":33,"column":26}},"33":{"start":{"line":34,"column":0},"end":{"line":34,"column":24}},"34":{"start":{"line":35,"column":0},"end":{"line":35,"column":2}},"39":{"start":{"line":40,"column":0},"end":{"line":40,"column":75}},"40":{"start":{"line":41,"column":0},"end":{"line":41,"column":24}},"41":{"start":{"line":42,"column":0},"end":{"line":42,"column":36}},"42":{"start":{"line":43,"column":0},"end":{"line":43,"column":2}},"65":{"start":{"line":66,"column":0},"end":{"line":66,"column":55}},"66":{"start":{"line":67,"column":0},"end":{"line":67,"column":31}},"67":{"start":{"line":68,"column":0},"end":{"line":68,"column":45}},"68":{"start":{"line":69,"column":0},"end":{"line":69,"column":3}},"69":{"start":{"line":70,"column":0},"end":{"line":70,"column":2}},"74":{"start":{"line":75,"column":0},"end":{"line":75,"column":37}},"75":{"start":{"line":76,"column":0},"end":{"line":76,"column":19}},"76":{"start":{"line":77,"column":0},"end":{"line":77,"column":28}},"77":{"start":{"line":78,"column":0},"end":{"line":78,"column":21}},"78":{"start":{"line":79,"column":0},"end":{"line":79,"column":19}},"79":{"start":{"line":80,"column":0},"end":{"line":80,"column":5}},"80":{"start":{"line":81,"column":0},"end":{"line":81,"column":2}},"85":{"start":{"line":86,"column":0},"end":{"line":86,"column":18}},"86":{"start":{"line":87,"column":0},"end":{"line":87,"column":23}},"87":{"start":{"line":88,"column":0},"end":{"line":88,"column":10}},"88":{"start":{"line":89,"column":0},"end":{"line":89,"column":3}},"89":{"start":{"line":90,"column":0},"end":{"line":90,"column":24}},"90":{"start":{"line":91,"column":0},"end":{"line":91,"column":25}},"91":{"start":{"line":92,"column":0},"end":{"line":92,"column":37}},"92":{"start":{"line":93,"column":0},"end":{"line":93,"column":28}},"93":{"start":{"line":94,"column":0},"end":{"line":94,"column":2}},"94":{"start":{"line":95,"column":0},"end":{"line":95,"column":1}}},"s":{"0":1,"8":1,"9":92,"11":92,"12":92,"13":92,"14":92,"15":92,"16":92,"19":92,"21":92,"22":92,"23":92,"24":92,"25":92,"26":92,"28":92,"29":0,"30":0,"32":92,"33":2,"34":2,"39":92,"40":54,"41":54,"42":54,"65":92,"66":46,"67":9,"68":9,"69":46,"74":92,"75":2,"76":2,"77":2,"78":2,"79":2,"80":2,"85":92,"86":31,"87":0,"88":0,"89":31,"90":31,"91":31,"92":31,"93":31,"94":92},"branchMap":{"0":{"type":"branch","line":9,"loc":{"start":{"line":9,"column":7},"end":{"line":95,"column":1}},"locations":[{"start":{"line":9,"column":7},"end":{"line":95,"column":1}}]},"1":{"type":"branch","line":22,"loc":{"start":{"line":22,"column":1},"end":{"line":27,"column":2}},"locations":[{"start":{"line":22,"column":1},"end":{"line":27,"column":2}}]},"2":{"type":"branch","line":33,"loc":{"start":{"line":33,"column":1},"end":{"line":35,"column":2}},"locations":[{"start":{"line":33,"column":1},"end":{"line":35,"column":2}}]},"3":{"type":"branch","line":40,"loc":{"start":{"line":40,"column":1},"end":{"line":43,"column":2}},"locations":[{"start":{"line":40,"column":1},"end":{"line":43,"column":2}}]},"4":{"type":"branch","line":66,"loc":{"start":{"line":66,"column":1},"end":{"line":70,"column":2}},"locations":[{"start":{"line":66,"column":1},"end":{"line":70,"column":2}}]},"5":{"type":"branch","line":67,"loc":{"start":{"line":67,"column":30},"end":{"line":69,"column":3}},"locations":[{"start":{"line":67,"column":30},"end":{"line":69,"column":3}}]},"6":{"type":"branch","line":75,"loc":{"start":{"line":75,"column":1},"end":{"line":81,"column":2}},"locations":[{"start":{"line":75,"column":1},"end":{"line":81,"column":2}}]},"7":{"type":"branch","line":86,"loc":{"start":{"line":86,"column":1},"end":{"line":94,"column":2}},"locations":[{"start":{"line":86,"column":1},"end":{"line":94,"column":2}}]},"8":{"type":"branch","line":87,"loc":{"start":{"line":87,"column":22},"end":{"line":89,"column":3}},"locations":[{"start":{"line":87,"column":22},"end":{"line":89,"column":3}}]}},"b":{"0":[92],"1":[92],"2":[2],"3":[54],"4":[46],"5":[9],"6":[2],"7":[31],"8":[0]},"fnMap":{"0":{"name":"<instance_members_initializer>","decl":{"start":{"line":9,"column":7},"end":{"line":95,"column":1}},"loc":{"start":{"line":9,"column":7},"end":{"line":95,"column":1}},"line":9},"1":{"name":"SharedObjectBase","decl":{"start":{"line":22,"column":1},"end":{"line":27,"column":2}},"loc":{"start":{"line":22,"column":1},"end":{"line":27,"column":2}},"line":22},"2":{"name":"get attached","decl":{"start":{"line":29,"column":1},"end":{"line":31,"column":2}},"loc":{"start":{"line":29,"column":1},"end":{"line":31,"column":2}},"line":29},"3":{"name":"get disposed","decl":{"start":{"line":33,"column":1},"end":{"line":35,"column":2}},"loc":{"start":{"line":33,"column":1},"end":{"line":35,"column":2}},"line":33},"4":{"name":"attach","decl":{"start":{"line":40,"column":1},"end":{"line":43,"column":2}},"loc":{"start":{"line":40,"column":1},"end":{"line":43,"column":2}},"line":40},"5":{"name":"submitOp","decl":{"start":{"line":66,"column":1},"end":{"line":70,"column":2}},"loc":{"start":{"line":66,"column":1},"end":{"line":70,"column":2}},"line":66},"6":{"name":"processRemoteOp","decl":{"start":{"line":75,"column":1},"end":{"line":81,"column":2}},"loc":{"start":{"line":75,"column":1},"end":{"line":81,"column":2}},"line":75},"7":{"name":"dispose","decl":{"start":{"line":86,"column":1},"end":{"line":94,"column":2}},"loc":{"start":{"line":86,"column":1},"end":{"line":94,"column":2}},"line":86}},"f":{"0":92,"1":92,"2":0,"3":2,"4":54,"5":46,"6":2,"7":31}}
,"/Users/shangrongli/Documents/L1-repo/FluidFramework/packages/container/src/dds/SharedString.ts": {"path":"/Users/shangrongli/Documents/L1-repo/FluidFramework/packages/container/src/dds/SharedString.ts","all":false,"statementMap":{"0":{"start":{"line":1,"column":0},"end":{"line":1,"column":57}},"15":{"start":{"line":16,"column":0},"end":{"line":16,"column":77}},"16":{"start":{"line":17,"column":0},"end":{"line":17,"column":46}},"17":{"start":{"line":18,"column":0},"end":{"line":18,"column":30}},"19":{"start":{"line":20,"column":0},"end":{"line":20,"column":26}},"20":{"start":{"line":21,"column":0},"end":{"line":21,"column":31}},"21":{"start":{"line":22,"column":0},"end":{"line":22,"column":2}},"23":{"start":{"line":24,"column":0},"end":{"line":24,"column":20}},"24":{"start":{"line":25,"column":0},"end":{"line":25,"column":22}},"25":{"start":{"line":26,"column":0},"end":{"line":26,"column":2}},"27":{"start":{"line":28,"column":0},"end":{"line":28,"column":22}},"28":{"start":{"line":29,"column":0},"end":{"line":29,"column":29}},"29":{"start":{"line":30,"column":0},"end":{"line":30,"column":2}},"31":{"start":{"line":32,"column":0},"end":{"line":32,"column":46}},"32":{"start":{"line":33,"column":0},"end":{"line":33,"column":66}},"33":{"start":{"line":34,"column":0},"end":{"line":34,"column":16}},"34":{"start":{"line":35,"column":0},"end":{"line":35,"column":71}},"35":{"start":{"line":36,"column":0},"end":{"line":36,"column":65}},"36":{"start":{"line":37,"column":0},"end":{"line":37,"column":25}},"37":{"start":{"line":38,"column":0},"end":{"line":38,"column":28}},"38":{"start":{"line":39,"column":0},"end":{"line":39,"column":21}},"39":{"start":{"line":40,"column":0},"end":{"line":40,"column":19}},"40":{"start":{"line":41,"column":0},"end":{"line":41,"column":5}},"41":{"start":{"line":42,"column":0},"end":{"line":42,"column":2}},"43":{"start":{"line":44,"column":0},"end":{"line":44,"column":47}},"44":{"start":{"line":45,"column":0},"end":{"line":45,"column":62}},"45":{"start":{"line":46,"column":0},"end":{"line":46,"column":60}},"46":{"start":{"line":47,"column":0},"end":{"line":47,"column":22}},"47":{"start":{"line":48,"column":0},"end":{"line":48,"column":66}},"48":{"start":{"line":49,"column":0},"end":{"line":49,"column":61}},"49":{"start":{"line":50,"column":0},"end":{"line":50,"column":25}},"50":{"start":{"line":51,"column":0},"end":{"line":51,"column":28}},"51":{"start":{"line":52,"column":0},"end":{"line":52,"column":21}},"52":{"start":{"line":53,"column":0},"end":{"line":53,"column":19}},"53":{"start":{"line":54,"column":0},"end":{"line":54,"column":5}},"54":{"start":{"line":55,"column":0},"end":{"line":55,"column":2}},"56":{"start":{"line":57,"column":0},"end":{"line":57,"column":62}},"57":{"start":{"line":58,"column":0},"end":{"line":58,"column":30}},"58":{"start":{"line":59,"column":0},"end":{"line":59,"column":31}},"59":{"start":{"line":60,"column":0},"end":{"line":60,"column":2}},"64":{"start":{"line":65,"column":0},"end":{"line":65,"column":25}},"65":{"start":{"line":66,"column":0},"end":{"line":66,"column":46}},"66":{"start":{"line":67,"column":0},"end":{"line":67,"column":2}},"71":{"start":{"line":72,"column":0},"end":{"line":72,"column":43}},"72":{"start":{"line":73,"column":0},"end":{"line":73,"column":56}},"73":{"start":{"line":74,"column":0},"end":{"line":74,"column":2}},"78":{"start":{"line":79,"column":0},"end":{"line":79,"column":29}},"79":{"start":{"line":80,"column":0},"end":{"line":80,"column":32}},"80":{"start":{"line":81,"column":0},"end":{"line":81,"column":25}},"81":{"start":{"line":82,"column":0},"end":{"line":82,"column":17}},"82":{"start":{"line":83,"column":0},"end":{"line":83,"column":35}},"83":{"start":{"line":84,"column":0},"end":{"line":84,"column":71}},"84":{"start":{"line":85,"column":0},"end":{"line":85,"column":19}},"85":{"start":{"line":86,"column":0},"end":{"line":86,"column":72}},"86":{"start":{"line":87,"column":0},"end":{"line":87,"column":5}},"87":{"start":{"line":88,"column":0},"end":{"line":88,"column":10}},"88":{"start":{"line":89,"column":0},"end":{"line":89,"column":17}},"89":{"start":{"line":90,"column":0},"end":{"line":90,"column":34}},"90":{"start":{"line":91,"column":0},"end":{"line":91,"column":69}},"91":{"start":{"line":92,"column":0},"end":{"line":92,"column":69}},"92":{"start":{"line":93,"column":0},"end":{"line":93,"column":69}},"93":{"start":{"line":94,"column":0},"end":{"line":94,"column":5}},"94":{"start":{"line":95,"column":0},"end":{"line":95,"column":10}},"95":{"start":{"line":96,"column":0},"end":{"line":96,"column":3}},"96":{"start":{"line":97,"column":0},"end":{"line":97,"column":2}},"97":{"start":{"line":98,"column":0},"end":{"line":98,"column":1}}},"s":{"0":1,"15":1,"16":15,"17":15,"19":15,"20":15,"21":15,"23":15,"24":10,"25":10,"27":15,"28":1,"29":1,"31":15,"32":11,"33":11,"34":11,"35":11,"36":11,"37":11,"38":11,"39":11,"40":11,"41":11,"43":15,"44":3,"45":3,"46":3,"47":3,"48":3,"49":3,"50":3,"51":3,"52":3,"53":3,"54":3,"56":15,"57":1,"58":1,"59":1,"64":15,"65":2,"66":2,"71":15,"72":1,"73":1,"78":15,"79":2,"80":2,"81":2,"82":1,"83":1,"84":1,"85":1,"86":1,"87":1,"88":2,"89":1,"90":1,"91":1,"92":1,"93":1,"94":1,"95":2,"96":2,"97":15},"branchMap":{"0":{"type":"branch","line":16,"loc":{"start":{"line":16,"column":7},"end":{"line":98,"column":1}},"locations":[{"start":{"line":16,"column":7},"end":{"line":98,"column":1}}]},"1":{"type":"branch","line":17,"loc":{"start":{"line":17,"column":1},"end":{"line":17,"column":46}},"locations":[{"start":{"line":17,"column":1},"end":{"line":17,"column":46}}]},"2":{"type":"branch","line":20,"loc":{"start":{"line":20,"column":1},"end":{"line":22,"column":2}},"locations":[{"start":{"line":20,"column":1},"end":{"line":22,"column":2}}]},"3":{"type":"branch","line":24,"loc":{"start":{"line":24,"column":1},"end":{"line":26,"column":2}},"locations":[{"start":{"line":24,"column":1},"end":{"line":26,"column":2}}]},"4":{"type":"branch","line":28,"loc":{"start":{"line":28,"column":1},"end":{"line":30,"column":2}},"locations":[{"start":{"line":28,"column":1},"end":{"line":30,"column":2}}]},"5":{"type":"branch","line":32,"loc":{"start":{"line":32,"column":1},"end":{"line":42,"column":2}},"locations":[{"start":{"line":32,"column":1},"end":{"line":42,"column":2}}]},"6":{"type":"branch","line":44,"loc":{"start":{"line":44,"column":1},"end":{"line":55,"column":2}},"locations":[{"start":{"line":44,"column":1},"end":{"line":55,"column":2}}]},"7":{"type":"branch","line":47,"loc":{"start":{"line":47,"column":15},"end":{"line":47,"column":22}},"locations":[{"start":{"line":47,"column":15},"end":{"line":47,"column":22}}]},"8":{"type":"branch","line":57,"loc":{"start":{"line":57,"column":1},"end":{"line":60,"column":2}},"locations":[{"start":{"line":57,"column":1},"end":{"line":60,"column":2}}]},"9":{"type":"branch","line":65,"loc":{"start":{"line":65,"column":1},"end":{"line":67,"column":2}},"locations":[{"start":{"line":65,"column":1},"end":{"line":67,"column":2}}]},"10":{"type":"branch","line":72,"loc":{"start":{"line":72,"column":1},"end":{"line":74,"column":2}},"locations":[{"start":{"line":72,"column":1},"end":{"line":74,"column":2}}]},"11":{"type":"branch","line":79,"loc":{"start":{"line":79,"column":1},"end":{"line":97,"column":2}},"locations":[{"start":{"line":79,"column":1},"end":{"line":97,"column":2}}]},"12":{"type":"branch","line":82,"loc":{"start":{"line":82,"column":3},"end":{"line":88,"column":10}},"locations":[{"start":{"line":82,"column":3},"end":{"line":88,"column":10}}]},"13":{"type":"branch","line":89,"loc":{"start":{"line":89,"column":3},"end":{"line":95,"column":10}},"locations":[{"start":{"line":89,"column":3},"end":{"line":95,"column":10}}]}},"b":{"0":[15],"1":[6],"2":[15],"3":[10],"4":[1],"5":[11],"6":[3],"7":[0],"8":[1],"9":[2],"10":[1],"11":[2],"12":[1],"13":[1]},"fnMap":{"0":{"name":"<instance_members_initializer>","decl":{"start":{"line":16,"column":7},"end":{"line":98,"column":1}},"loc":{"start":{"line":16,"column":7},"end":{"line":98,"column":1}},"line":16},"1":{"name":"<static_initializer>","decl":{"start":{"line":17,"column":1},"end":{"line":17,"column":46}},"loc":{"start":{"line":17,"column":1},"end":{"line":17,"column":46}},"line":17},"2":{"name":"SharedString","decl":{"start":{"line":20,"column":1},"end":{"line":22,"column":2}},"loc":{"start":{"line":20,"column":1},"end":{"line":22,"column":2}},"line":20},"3":{"name":"getText","decl":{"start":{"line":24,"column":1},"end":{"line":26,"column":2}},"loc":{"start":{"line":24,"column":1},"end":{"line":26,"column":2}},"line":24},"4":{"name":"getLength","decl":{"start":{"line":28,"column":1},"end":{"line":30,"column":2}},"loc":{"start":{"line":28,"column":1},"end":{"line":30,"column":2}},"line":28},"5":{"name":"insertText","decl":{"start":{"line":32,"column":1},"end":{"line":42,"column":2}},"loc":{"start":{"line":32,"column":1},"end":{"line":42,"column":2}},"line":32},"6":{"name":"removeText","decl":{"start":{"line":44,"column":1},"end":{"line":55,"column":2}},"loc":{"start":{"line":44,"column":1},"end":{"line":55,"column":2}},"line":44},"7":{"name":"replaceText","decl":{"start":{"line":57,"column":1},"end":{"line":60,"column":2}},"loc":{"start":{"line":57,"column":1},"end":{"line":60,"column":2}},"line":57},"8":{"name":"snapshot","decl":{"start":{"line":65,"column":1},"end":{"line":67,"column":2}},"loc":{"start":{"line":65,"column":1},"end":{"line":67,"column":2}},"line":65},"9":{"name":"loadFromSnapshot","decl":{"start":{"line":72,"column":1},"end":{"line":74,"column":2}},"loc":{"start":{"line":72,"column":1},"end":{"line":74,"column":2}},"line":72},"10":{"name":"applyOp","decl":{"start":{"line":79,"column":1},"end":{"line":97,"column":2}},"loc":{"start":{"line":79,"column":1},"end":{"line":97,"column":2}},"line":79}},"f":{"0":15,"1":6,"2":15,"3":10,"4":1,"5":11,"6":3,"7":1,"8":2,"9":1,"10":2}}
,"/Users/shangrongli/Documents/L1-repo/FluidFramework/packages/container/src/errors/ContainerError.ts": {"path":"/Users/shangrongli/Documents/L1-repo/FluidFramework/packages/container/src/errors/ContainerError.ts","all":false,"statementMap":{"0":{"start":{"line":1,"column":0},"end":{"line":1,"column":61}},"6":{"start":{"line":7,"column":0},"end":{"line":7,"column":43}},"7":{"start":{"line":8,"column":0},"end":{"line":8,"column":47}},"8":{"start":{"line":9,"column":0},"end":{"line":9,"column":35}},"9":{"start":{"line":10,"column":0},"end":{"line":10,"column":51}},"11":{"start":{"line":12,"column":0},"end":{"line":12,"column":13}},"12":{"start":{"line":13,"column":0},"end":{"line":13,"column":18}},"13":{"start":{"line":14,"column":0},"end":{"line":14,"column":32}},"14":{"start":{"line":15,"column":0},"end":{"line":15,"column":36}},"15":{"start":{"line":16,"column":0},"end":{"line":16,"column":16}},"16":{"start":{"line":17,"column":0},"end":{"line":17,"column":4}},"17":{"start":{"line":18,"column":0},"end":{"line":18,"column":28}},"18":{"start":{"line":19,"column":0},"end":{"line":19,"column":31}},"19":{"start":{"line":20,"column":0},"end":{"line":20,"column":29}},"20":{"start":{"line":21,"column":0},"end":{"line":21,"column":30}},"21":{"start":{"line":22,"column":0},"end":{"line":22,"column":25}},"22":{"start":{"line":23,"column":0},"end":{"line":23,"column":2}},"27":{"start":{"line":28,"column":0},"end":{"line":28,"column":27}},"28":{"start":{"line":29,"column":0},"end":{"line":29,"column":15}},"29":{"start":{"line":30,"column":0},"end":{"line":30,"column":2}},"30":{"start":{"line":31,"column":0},"end":{"line":31,"column":1}}},"s":{"0":1,"6":1,"7":28,"8":28,"9":28,"11":28,"12":28,"13":28,"14":28,"15":28,"16":28,"17":28,"18":28,"19":28,"20":28,"21":28,"22":28,"27":28,"28":1,"29":1,"30":28},"branchMap":{"0":{"type":"branch","line":7,"loc":{"start":{"line":7,"column":7},"end":{"line":31,"column":1}},"locations":[{"start":{"line":7,"column":7},"end":{"line":31,"column":1}}]},"1":{"type":"branch","line":12,"loc":{"start":{"line":12,"column":1},"end":{"line":23,"column":2}},"locations":[{"start":{"line":12,"column":1},"end":{"line":23,"column":2}}]},"2":{"type":"branch","line":28,"loc":{"start":{"line":28,"column":1},"end":{"line":30,"column":2}},"locations":[{"start":{"line":28,"column":1},"end":{"line":30,"column":2}}]}},"b":{"0":[28],"1":[28],"2":[1]},"fnMap":{"0":{"name":"<instance_members_initializer>","decl":{"start":{"line":7,"column":7},"end":{"line":31,"column":1}},"loc":{"start":{"line":7,"column":7},"end":{"line":31,"column":1}},"line":7},"1":{"name":"ContainerError","decl":{"start":{"line":12,"column":1},"end":{"line":23,"column":2}},"loc":{"start":{"line":12,"column":1},"end":{"line":23,"column":2}},"line":12},"2":{"name":"get retryable","decl":{"start":{"line":28,"column":1},"end":{"line":30,"column":2}},"loc":{"start":{"line":28,"column":1},"end":{"line":30,"column":2}},"line":28}},"f":{"0":28,"1":28,"2":1}}
,"/Users/shangrongli/Documents/L1-repo/FluidFramework/packages/container/src/errors/ContainerErrorCode.ts": {"path":"/Users/shangrongli/Documents/L1-repo/FluidFramework/packages/container/src/errors/ContainerErrorCode.ts","all":false,"statementMap":{"4":{"start":{"line":5,"column":0},"end":{"line":5,"column":32}},"6":{"start":{"line":7,"column":0},"end":{"line":7,"column":22}},"7":{"start":{"line":8,"column":0},"end":{"line":8,"column":23}},"8":{"start":{"line":9,"column":0},"end":{"line":9,"column":31}},"9":{"start":{"line":10,"column":0},"end":{"line":10,"column":33}},"12":{"start":{"line":13,"column":0},"end":{"line":13,"column":20}},"13":{"start":{"line":14,"column":0},"end":{"line":14,"column":25}},"14":{"start":{"line":15,"column":0},"end":{"line":15,"column":27}},"15":{"start":{"line":16,"column":0},"end":{"line":16,"column":20}},"16":{"start":{"line":17,"column":0},"end":{"line":17,"column":25}},"19":{"start":{"line":20,"column":0},"end":{"line":20,"column":23}},"20":{"start":{"line":21,"column":0},"end":{"line":21,"column":30}},"21":{"start":{"line":22,"column":0},"end":{"line":22,"column":26}},"24":{"start":{"line":25,"column":0},"end":{"line":25,"column":21}},"25":{"start":{"line":26,"column":0},"end":{"line":26,"column":21}},"26":{"start":{"line":27,"column":0},"end":{"line":27,"column":24}},"27":{"start":{"line":28,"column":0},"end":{"line":28,"column":23}},"28":{"start":{"line":29,"column":0},"end":{"line":29,"column":28}},"31":{"start":{"line":32,"column":0},"end":{"line":32,"column":27}},"32":{"start":{"line":33,"column":0},"end":{"line":33,"column":31}},"33":{"start":{"line":34,"column":0},"end":{"line":34,"column":26}}},"s":{"4":1,"6":1,"7":1,"8":1,"9":1,"12":1,"13":1,"14":1,"15":1,"16":1,"19":1,"20":1,"21":1,"24":1,"25":1,"26":1,"27":1,"28":1,"31":1,"32":1,"33":1},"branchMap":{"0":{"type":"branch","line":5,"loc":{"start":{"line":5,"column":7},"end":{"line":5,"column":32}},"locations":[{"start":{"line":5,"column":7},"end":{"line":5,"column":32}}]}},"b":{"0":[14]},"fnMap":{},"f":{}}
,"/Users/shangrongli/Documents/L1-repo/FluidFramework/packages/container/src/errors/DdsError.ts": {"path":"/Users/shangrongli/Documents/L1-repo/FluidFramework/packages/container/src/errors/DdsError.ts","all":false,"statementMap":{"0":{"start":{"line":1,"column":0},"end":{"line":1,"column":61}},"13":{"start":{"line":14,"column":0},"end":{"line":14,"column":46}},"14":{"start":{"line":15,"column":0},"end":{"line":15,"column":13}},"15":{"start":{"line":16,"column":0},"end":{"line":16,"column":18}},"16":{"start":{"line":17,"column":0},"end":{"line":17,"column":26}},"17":{"start":{"line":18,"column":0},"end":{"line":18,"column":36}},"18":{"start":{"line":19,"column":0},"end":{"line":19,"column":16}},"19":{"start":{"line":20,"column":0},"end":{"line":20,"column":4}},"20":{"start":{"line":21,"column":0},"end":{"line":21,"column":44}},"21":{"start":{"line":22,"column":0},"end":{"line":22,"column":25}},"22":{"start":{"line":23,"column":0},"end":{"line":23,"column":2}},"24":{"start":{"line":25,"column":0},"end":{"line":25,"column":36}},"25":{"start":{"line":26,"column":0},"end":{"line":26,"column":66}},"26":{"start":{"line":27,"column":0},"end":{"line":27,"column":2}},"27":{"start":{"line":28,"column":0},"end":{"line":28,"column":1}}},"s":{"0":1,"13":1,"14":1,"15":5,"16":5,"17":5,"18":5,"19":5,"20":5,"21":5,"22":5,"24":1,"25":3,"26":3,"27":1},"branchMap":{"0":{"type":"branch","line":15,"loc":{"start":{"line":15,"column":1},"end":{"line":23,"column":2}},"locations":[{"start":{"line":15,"column":1},"end":{"line":23,"column":2}}]},"1":{"type":"branch","line":25,"loc":{"start":{"line":25,"column":1},"end":{"line":27,"column":2}},"locations":[{"start":{"line":25,"column":1},"end":{"line":27,"column":2}}]}},"b":{"0":[5],"1":[3]},"fnMap":{"0":{"name":"DdsError","decl":{"start":{"line":15,"column":1},"end":{"line":23,"column":2}},"loc":{"start":{"line":15,"column":1},"end":{"line":23,"column":2}},"line":15},"1":{"name":"get retryable","decl":{"start":{"line":25,"column":1},"end":{"line":27,"column":2}},"loc":{"start":{"line":25,"column":1},"end":{"line":27,"column":2}},"line":25}},"f":{"0":5,"1":3}}
,"/Users/shangrongli/Documents/L1-repo/FluidFramework/packages/container/src/errors/SchemaError.ts": {"path":"/Users/shangrongli/Documents/L1-repo/FluidFramework/packages/container/src/errors/SchemaError.ts","all":false,"statementMap":{"0":{"start":{"line":1,"column":0},"end":{"line":1,"column":61}},"12":{"start":{"line":13,"column":0},"end":{"line":13,"column":49}},"13":{"start":{"line":14,"column":0},"end":{"line":14,"column":13}},"14":{"start":{"line":15,"column":0},"end":{"line":15,"column":18}},"15":{"start":{"line":16,"column":0},"end":{"line":16,"column":29}},"16":{"start":{"line":17,"column":0},"end":{"line":17,"column":36}},"17":{"start":{"line":18,"column":0},"end":{"line":18,"column":16}},"18":{"start":{"line":19,"column":0},"end":{"line":19,"column":4}},"19":{"start":{"line":20,"column":0},"end":{"line":20,"column":44}},"20":{"start":{"line":21,"column":0},"end":{"line":21,"column":28}},"21":{"start":{"line":22,"column":0},"end":{"line":22,"column":2}},"23":{"start":{"line":24,"column":0},"end":{"line":24,"column":36}},"24":{"start":{"line":25,"column":0},"end":{"line":25,"column":15}},"25":{"start":{"line":26,"column":0},"end":{"line":26,"column":2}},"26":{"start":{"line":27,"column":0},"end":{"line":27,"column":1}}},"s":{"0":1,"12":1,"13":1,"14":8,"15":8,"16":8,"17":8,"18":8,"19":8,"20":8,"21":8,"23":1,"24":1,"25":1,"26":1},"branchMap":{"0":{"type":"branch","line":14,"loc":{"start":{"line":14,"column":1},"end":{"line":22,"column":2}},"locations":[{"start":{"line":14,"column":1},"end":{"line":22,"column":2}}]},"1":{"type":"branch","line":24,"loc":{"start":{"line":24,"column":1},"end":{"line":26,"column":2}},"locations":[{"start":{"line":24,"column":1},"end":{"line":26,"column":2}}]}},"b":{"0":[8],"1":[1]},"fnMap":{"0":{"name":"SchemaError","decl":{"start":{"line":14,"column":1},"end":{"line":22,"column":2}},"loc":{"start":{"line":14,"column":1},"end":{"line":22,"column":2}},"line":14},"1":{"name":"get retryable","decl":{"start":{"line":24,"column":1},"end":{"line":26,"column":2}},"loc":{"start":{"line":24,"column":1},"end":{"line":26,"column":2}},"line":24}},"f":{"0":8,"1":1}}
,"/Users/shangrongli/Documents/L1-repo/FluidFramework/packages/container/src/errors/SerializationError.ts": {"path":"/Users/shangrongli/Documents/L1-repo/FluidFramework/packages/container/src/errors/SerializationError.ts","all":false,"statementMap":{"0":{"start":{"line":1,"column":0},"end":{"line":1,"column":61}},"13":{"start":{"line":14,"column":0},"end":{"line":14,"column":56}},"14":{"start":{"line":15,"column":0},"end":{"line":15,"column":13}},"15":{"start":{"line":16,"column":0},"end":{"line":16,"column":18}},"16":{"start":{"line":17,"column":0},"end":{"line":17,"column":36}},"17":{"start":{"line":18,"column":0},"end":{"line":18,"column":36}},"18":{"start":{"line":19,"column":0},"end":{"line":19,"column":16}},"19":{"start":{"line":20,"column":0},"end":{"line":20,"column":4}},"20":{"start":{"line":21,"column":0},"end":{"line":21,"column":44}},"21":{"start":{"line":22,"column":0},"end":{"line":22,"column":35}},"22":{"start":{"line":23,"column":0},"end":{"line":23,"column":2}},"24":{"start":{"line":25,"column":0},"end":{"line":25,"column":36}},"25":{"start":{"line":26,"column":0},"end":{"line":26,"column":15}},"26":{"start":{"line":27,"column":0},"end":{"line":27,"column":2}},"27":{"start":{"line":28,"column":0},"end":{"line":28,"column":1}}},"s":{"0":1,"13":1,"14":1,"15":5,"16":5,"17":5,"18":5,"19":5,"20":5,"21":5,"22":5,"24":1,"25":2,"26":2,"27":1},"branchMap":{"0":{"type":"branch","line":15,"loc":{"start":{"line":15,"column":1},"end":{"line":23,"column":2}},"locations":[{"start":{"line":15,"column":1},"end":{"line":23,"column":2}}]},"1":{"type":"branch","line":25,"loc":{"start":{"line":25,"column":1},"end":{"line":27,"column":2}},"locations":[{"start":{"line":25,"column":1},"end":{"line":27,"column":2}}]}},"b":{"0":[5],"1":[2]},"fnMap":{"0":{"name":"SerializationError","decl":{"start":{"line":15,"column":1},"end":{"line":23,"column":2}},"loc":{"start":{"line":15,"column":1},"end":{"line":23,"column":2}},"line":15},"1":{"name":"get retryable","decl":{"start":{"line":25,"column":1},"end":{"line":27,"column":2}},"loc":{"start":{"line":25,"column":1},"end":{"line":27,"column":2}},"line":25}},"f":{"0":5,"1":2}}
,"/Users/shangrongli/Documents/L1-repo/FluidFramework/packages/container/src/errors/SnapshotError.ts": {"path":"/Users/shangrongli/Documents/L1-repo/FluidFramework/packages/container/src/errors/SnapshotError.ts","all":false,"statementMap":{"0":{"start":{"line":1,"column":0},"end":{"line":1,"column":61}},"11":{"start":{"line":12,"column":0},"end":{"line":12,"column":51}},"12":{"start":{"line":13,"column":0},"end":{"line":13,"column":13}},"13":{"start":{"line":14,"column":0},"end":{"line":14,"column":18}},"14":{"start":{"line":15,"column":0},"end":{"line":15,"column":31}},"15":{"start":{"line":16,"column":0},"end":{"line":16,"column":36}},"16":{"start":{"line":17,"column":0},"end":{"line":17,"column":16}},"17":{"start":{"line":18,"column":0},"end":{"line":18,"column":4}},"18":{"start":{"line":19,"column":0},"end":{"line":19,"column":44}},"19":{"start":{"line":20,"column":0},"end":{"line":20,"column":30}},"20":{"start":{"line":21,"column":0},"end":{"line":21,"column":2}},"22":{"start":{"line":23,"column":0},"end":{"line":23,"column":36}},"23":{"start":{"line":24,"column":0},"end":{"line":24,"column":62}},"24":{"start":{"line":25,"column":0},"end":{"line":25,"column":2}},"25":{"start":{"line":26,"column":0},"end":{"line":26,"column":1}}},"s":{"0":1,"11":1,"12":1,"13":3,"14":3,"15":3,"16":3,"17":3,"18":3,"19":3,"20":3,"22":1,"23":3,"24":3,"25":1},"branchMap":{"0":{"type":"branch","line":13,"loc":{"start":{"line":13,"column":1},"end":{"line":21,"column":2}},"locations":[{"start":{"line":13,"column":1},"end":{"line":21,"column":2}}]},"1":{"type":"branch","line":23,"loc":{"start":{"line":23,"column":1},"end":{"line":25,"column":2}},"locations":[{"start":{"line":23,"column":1},"end":{"line":25,"column":2}}]}},"b":{"0":[3],"1":[3]},"fnMap":{"0":{"name":"SnapshotError","decl":{"start":{"line":13,"column":1},"end":{"line":21,"column":2}},"loc":{"start":{"line":13,"column":1},"end":{"line":21,"column":2}},"line":13},"1":{"name":"get retryable","decl":{"start":{"line":23,"column":1},"end":{"line":25,"column":2}},"loc":{"start":{"line":23,"column":1},"end":{"line":25,"column":2}},"line":23}},"f":{"0":3,"1":3}}
,"/Users/shangrongli/Documents/L1-repo/FluidFramework/packages/container/src/runtime/ContainerRuntime.ts": {"path":"/Users/shangrongli/Documents/L1-repo/FluidFramework/packages/container/src/runtime/ContainerRuntime.ts","all":false,"statementMap":{"0":{"start":{"line":1,"column":0},"end":{"line":1,"column":76}},"13":{"start":{"line":14,"column":0},"end":{"line":14,"column":60}},"14":{"start":{"line":15,"column":0},"end":{"line":15,"column":37}},"15":{"start":{"line":16,"column":0},"end":{"line":16,"column":64}},"16":{"start":{"line":17,"column":0},"end":{"line":17,"column":38}},"17":{"start":{"line":18,"column":0},"end":{"line":18,"column":38}},"18":{"start":{"line":19,"column":0},"end":{"line":19,"column":27}},"19":{"start":{"line":20,"column":0},"end":{"line":20,"column":32}},"21":{"start":{"line":22,"column":0},"end":{"line":22,"column":57}},"22":{"start":{"line":23,"column":0},"end":{"line":23,"column":33}},"23":{"start":{"line":24,"column":0},"end":{"line":24,"column":45}},"24":{"start":{"line":25,"column":0},"end":{"line":25,"column":2}},"29":{"start":{"line":30,"column":0},"end":{"line":30,"column":52}},"30":{"start":{"line":31,"column":0},"end":{"line":31,"column":25}},"31":{"start":{"line":32,"column":0},"end":{"line":32,"column":2}},"36":{"start":{"line":37,"column":0},"end":{"line":37,"column":44}},"37":{"start":{"line":38,"column":0},"end":{"line":38,"column":43}},"38":{"start":{"line":39,"column":0},"end":{"line":39,"column":2}},"43":{"start":{"line":44,"column":0},"end":{"line":44,"column":64}},"44":{"start":{"line":45,"column":0},"end":{"line":45,"column":47}},"45":{"start":{"line":46,"column":0},"end":{"line":46,"column":2}},"50":{"start":{"line":51,"column":0},"end":{"line":51,"column":70}},"51":{"start":{"line":52,"column":0},"end":{"line":52,"column":40}},"52":{"start":{"line":53,"column":0},"end":{"line":53,"column":35}},"53":{"start":{"line":54,"column":0},"end":{"line":54,"column":22}},"54":{"start":{"line":55,"column":0},"end":{"line":55,"column":31}},"55":{"start":{"line":56,"column":0},"end":{"line":56,"column":40}},"56":{"start":{"line":57,"column":0},"end":{"line":57,"column":17}},"57":{"start":{"line":58,"column":0},"end":{"line":58,"column":5}},"58":{"start":{"line":59,"column":0},"end":{"line":59,"column":3}},"60":{"start":{"line":61,"column":0},"end":{"line":61,"column":50}},"61":{"start":{"line":62,"column":0},"end":{"line":62,"column":50}},"62":{"start":{"line":63,"column":0},"end":{"line":63,"column":34}},"63":{"start":{"line":64,"column":0},"end":{"line":64,"column":29}},"64":{"start":{"line":65,"column":0},"end":{"line":65,"column":2}},"69":{"start":{"line":70,"column":0},"end":{"line":70,"column":63}},"70":{"start":{"line":71,"column":0},"end":{"line":71,"column":22}},"71":{"start":{"line":72,"column":0},"end":{"line":72,"column":10}},"72":{"start":{"line":73,"column":0},"end":{"line":73,"column":3}},"73":{"start":{"line":74,"column":0},"end":{"line":74,"column":29}},"74":{"start":{"line":75,"column":0},"end":{"line":75,"column":14}},"75":{"start":{"line":76,"column":0},"end":{"line":76,"column":30}},"76":{"start":{"line":77,"column":0},"end":{"line":77,"column":5}},"77":{"start":{"line":78,"column":0},"end":{"line":78,"column":2}},"83":{"start":{"line":84,"column":0},"end":{"line":84,"column":52}},"84":{"start":{"line":85,"column":0},"end":{"line":85,"column":51}},"85":{"start":{"line":86,"column":0},"end":{"line":86,"column":80}},"86":{"start":{"line":87,"column":0},"end":{"line":87,"column":28}},"87":{"start":{"line":88,"column":0},"end":{"line":88,"column":10}},"88":{"start":{"line":89,"column":0},"end":{"line":89,"column":3}},"89":{"start":{"line":90,"column":0},"end":{"line":90,"column":50}},"90":{"start":{"line":91,"column":0},"end":{"line":91,"column":12}},"91":{"start":{"line":92,"column":0},"end":{"line":92,"column":36}},"92":{"start":{"line":93,"column":0},"end":{"line":93,"column":3}},"93":{"start":{"line":94,"column":0},"end":{"line":94,"column":2}},"98":{"start":{"line":99,"column":0},"end":{"line":99,"column":34}},"99":{"start":{"line":100,"column":0},"end":{"line":100,"column":33}},"100":{"start":{"line":101,"column":0},"end":{"line":101,"column":2}},"105":{"start":{"line":106,"column":0},"end":{"line":106,"column":41}},"106":{"start":{"line":107,"column":0},"end":{"line":107,"column":50}},"107":{"start":{"line":108,"column":0},"end":{"line":108,"column":41}},"108":{"start":{"line":109,"column":0},"end":{"line":109,"column":37}},"109":{"start":{"line":110,"column":0},"end":{"line":110,"column":3}},"110":{"start":{"line":111,"column":0},"end":{"line":111,"column":19}},"111":{"start":{"line":112,"column":0},"end":{"line":112,"column":2}},"116":{"start":{"line":117,"column":0},"end":{"line":117,"column":52}},"117":{"start":{"line":118,"column":0},"end":{"line":118,"column":39}},"118":{"start":{"line":119,"column":0},"end":{"line":119,"column":36}},"119":{"start":{"line":120,"column":0},"end":{"line":120,"column":13}},"120":{"start":{"line":121,"column":0},"end":{"line":121,"column":31}},"121":{"start":{"line":122,"column":0},"end":{"line":122,"column":4}},"122":{"start":{"line":123,"column":0},"end":{"line":123,"column":3}},"123":{"start":{"line":124,"column":0},"end":{"line":124,"column":2}},"128":{"start":{"line":129,"column":0},"end":{"line":129,"column":18}},"129":{"start":{"line":130,"column":0},"end":{"line":130,"column":23}},"130":{"start":{"line":131,"column":0},"end":{"line":131,"column":10}},"131":{"start":{"line":132,"column":0},"end":{"line":132,"column":3}},"132":{"start":{"line":133,"column":0},"end":{"line":133,"column":24}},"133":{"start":{"line":134,"column":0},"end":{"line":134,"column":44}},"134":{"start":{"line":135,"column":0},"end":{"line":135,"column":17}},"135":{"start":{"line":136,"column":0},"end":{"line":136,"column":3}},"136":{"start":{"line":137,"column":0},"en
[...]
d":{"line":53,"column":5}},"53":{"start":{"line":54,"column":0},"end":{"line":54,"column":19}},"54":{"start":{"line":55,"column":0},"end":{"line":55,"column":40}},"55":{"start":{"line":56,"column":0},"end":{"line":56,"column":16}},"56":{"start":{"line":57,"column":0},"end":{"line":57,"column":4}},"57":{"start":{"line":58,"column":0},"end":{"line":58,"column":27}},"58":{"start":{"line":59,"column":0},"end":{"line":59,"column":13}},"59":{"start":{"line":60,"column":0},"end":{"line":60,"column":38}},"60":{"start":{"line":61,"column":0},"end":{"line":61,"column":20}},"61":{"start":{"line":62,"column":0},"end":{"line":62,"column":62}},"62":{"start":{"line":63,"column":0},"end":{"line":63,"column":5}},"63":{"start":{"line":64,"column":0},"end":{"line":64,"column":3}},"64":{"start":{"line":65,"column":0},"end":{"line":65,"column":2}},"70":{"start":{"line":71,"column":0},"end":{"line":71,"column":70}},"71":{"start":{"line":72,"column":0},"end":{"line":72,"column":7}},"72":{"start":{"line":73,"column":0},"end":{"line":73,"column":29}},"73":{"start":{"line":74,"column":0},"end":{"line":74,"column":54}},"76":{"start":{"line":77,"column":0},"end":{"line":77,"column":66}},"77":{"start":{"line":78,"column":0},"end":{"line":78,"column":46}},"78":{"start":{"line":79,"column":0},"end":{"line":79,"column":19}},"79":{"start":{"line":80,"column":0},"end":{"line":80,"column":56}},"80":{"start":{"line":81,"column":0},"end":{"line":81,"column":5}},"81":{"start":{"line":82,"column":0},"end":{"line":82,"column":4}},"83":{"start":{"line":84,"column":0},"end":{"line":84,"column":38}},"84":{"start":{"line":85,"column":0},"end":{"line":85,"column":19}},"85":{"start":{"line":86,"column":0},"end":{"line":86,"column":40}},"86":{"start":{"line":87,"column":0},"end":{"line":87,"column":16}},"87":{"start":{"line":88,"column":0},"end":{"line":88,"column":4}},"88":{"start":{"line":89,"column":0},"end":{"line":89,"column":27}},"89":{"start":{"line":90,"column":0},"end":{"line":90,"column":14}},"90":{"start":{"line":91,"column":0},"end":{"line":91,"column":45}},"91":{"start":{"line":92,"column":0},"end":{"line":92,"column":42}},"92":{"start":{"line":93,"column":0},"end":{"line":93,"column":62}},"93":{"start":{"line":94,"column":0},"end":{"line":94,"column":5}},"94":{"start":{"line":95,"column":0},"end":{"line":95,"column":3}},"95":{"start":{"line":96,"column":0},"end":{"line":96,"column":2}},"96":{"start":{"line":97,"column":0},"end":{"line":97,"column":1}},"101":{"start":{"line":102,"column":0},"end":{"line":102,"column":26}},"102":{"start":{"line":103,"column":0},"end":{"line":103,"column":21}},"103":{"start":{"line":104,"column":0},"end":{"line":104,"column":28}},"104":{"start":{"line":105,"column":0},"end":{"line":105,"column":43}},"105":{"start":{"line":106,"column":0},"end":{"line":106,"column":59}},"106":{"start":{"line":107,"column":0},"end":{"line":107,"column":41}},"107":{"start":{"line":108,"column":0},"end":{"line":108,"column":2}},"108":{"start":{"line":109,"column":0},"end":{"line":109,"column":9}},"109":{"start":{"line":110,"column":0},"end":{"line":110,"column":14}},"110":{"start":{"line":111,"column":0},"end":{"line":111,"column":20}},"111":{"start":{"line":112,"column":0},"end":{"line":112,"column":8}},"112":{"start":{"line":113,"column":0},"end":{"line":113,"column":3}},"113":{"start":{"line":114,"column":0},"end":{"line":114,"column":1}},"118":{"start":{"line":119,"column":0},"end":{"line":119,"column":49}},"119":{"start":{"line":120,"column":0},"end":{"line":120,"column":52}},"120":{"start":{"line":121,"column":0},"end":{"line":121,"column":1}}},"s":{"0":1,"13":1,"14":18,"15":18,"16":18,"18":18,"19":18,"20":18,"21":18,"22":18,"23":18,"24":18,"25":18,"26":18,"32":18,"33":4,"34":4,"35":4,"36":4,"37":4,"38":4,"39":4,"42":4,"43":4,"44":4,"46":4,"47":4,"48":4,"49":4,"50":4,"51":4,"52":4,"53":4,"54":0,"55":0,"56":0,"57":0,"58":0,"59":0,"60":0,"61":0,"62":0,"63":0,"64":4,"70":18,"71":1,"72":1,"73":1,"76":1,"77":2,"78":2,"79":2,"80":2,"81":2,"83":1,"84":1,"85":0,"86":0,"87":0,"88":0,"89":0,"90":0,"91":0,"92":0,"93":0,"94":0,"95":1,"96":18,"101":12,"102":12,"103":12,"104":12,"105":12,"106":8,"107":8,"108":12,"109":12,"110":12,"111":12,"112":12,"113":12,"118":2,"119":2,"120":2},"branchMap":{"0":{"type":"branch","line":14,"loc":{"start":{"line":14,"column":7},"end":{"line":97,"column":1}},"locations":[{"start":{"line":14,"column":7},"end":{"line":97,"column":1}}]},"1":{"type":"branch","line":19,"loc":{"start":{"line":19,"column":1},"end":{"line":27,"column":2}},"locations":[{"start":{"line":19,"column":1},"end":{"line":27,"column":2}}]},"2":{"type":"branch","line":33,"loc":{"start":{"line":33,"column":1},"end":{"line":65,"column":2}},"locations":[{"start":{"line":33,"column":1},"end":{"line":65,"column":2}}]},"3":{"type":"branch","line":54,"loc":{"start":{"line":54,"column":2},"end":{"line":64,"column":3}},"locations":[{"start":{"line":54,"column":2},"end":{"line":64,"column":3}}]},"4":{"type":"branch","line":71,"loc":{"start":{"line":71,"column":1},"end":{"line":96,"column":2}},"locations":[{"start":{"line":71,"column":1},"end":{"line":96,"column":2}}]},"5":{"type":"branch","line":77,"loc":{"start":{"line":77,"column":65},"end":{"line":82,"column":4}},"locations":[{"start":{"line":77,"column":65},"end":{"line":82,"column":4}}]},"6":{"type":"branch","line":85,"loc":{"start":{"line":85,"column":2},"end":{"line":95,"column":3}},"locations":[{"start":{"line":85,"column":2},"end":{"line":95,"column":3}}]},"7":{"type":"branch","line":102,"loc":{"start":{"line":102,"column":0},"end":{"line":114,"column":1}},"locations":[{"start":{"line":102,"column":0},"end":{"line":114,"column":1}}]},"8":{"type":"branch","line":106,"loc":{"start":{"line":106,"column":58},"end":{"line":108,"column":2}},"locations":[{"start":{"line":106,"column":58},"end":{"line":108,"column":2}}]},"9":{"type":"branch","line":119,"loc":{"start":{"line":119,"column":0},"end":{"line":121,"column":1}},"locations":[{"start":{"line":119,"column":0},"end":{"line":121,"column":1}}]}},"b":{"0":[18],"1":[18],"2":[4],"3":[0],"4":[1],"5":[2],"6":[0],"7":[12],"8":[8],"9":[2]},"fnMap":{"0":{"name":"<instance_members_initializer>","decl":{"start":{"line":14,"column":7},"end":{"line":97,"column":1}},"loc":{"start":{"line":14,"column":7},"end":{"line":97,"column":1}},"line":14},"1":{"name":"SnapshotManager","decl":{"start":{"line":19,"column":1},"end":{"line":27,"column":2}},"loc":{"start":{"line":19,"column":1},"end":{"line":27,"column":2}},"line":19},"2":{"name":"createSnapshot","decl":{"start":{"line":33,"column":1},"end":{"line":65,"column":2}},"loc":{"start":{"line":33,"column":1},"end":{"line":65,"column":2}},"line":33},"3":{"name":"restoreFromSnapshot","decl":{"start":{"line":71,"column":1},"end":{"line":96,"column":2}},"loc":{"start":{"line":71,"column":1},"end":{"line":96,"column":2}},"line":71},"4":{"name":"serializableTree","decl":{"start":{"line":102,"column":0},"end":{"line":114,"column":1}},"loc":{"start":{"line":102,"column":0},"end":{"line":114,"column":1}},"line":102},"5":{"name":"decodeBase64","decl":{"start":{"line":119,"column":0},"end":{"line":121,"column":1}},"loc":{"start":{"line":119,"column":0},"end":{"line":121,"column":1}},"line":119}},"f":{"0":18,"1":18,"2":4,"3":1,"4":12,"5":2}}
,"/Users/shangrongli/Documents/L1-repo/FluidFramework/packages/container/src/utils/EventEmitter.ts": {"path":"/Users/shangrongli/Documents/L1-repo/FluidFramework/packages/container/src/utils/EventEmitter.ts","all":false,"statementMap":{"0":{"start":{"line":1,"column":0},"end":{"line":1,"column":63}},"6":{"start":{"line":7,"column":0},"end":{"line":7,"column":31}},"9":{"start":{"line":10,"column":0},"end":{"line":10,"column":3}},"10":{"start":{"line":11,"column":0},"end":{"line":11,"column":51}},"15":{"start":{"line":16,"column":0},"end":{"line":16,"column":77}},"16":{"start":{"line":17,"column":0},"end":{"line":17,"column":35}},"17":{"start":{"line":18,"column":0},"end":{"line":18,"column":14}},"18":{"start":{"line":19,"column":0},"end":{"line":19,"column":2}},"23":{"start":{"line":24,"column":0},"end":{"line":24,"column":78}},"24":{"start":{"line":25,"column":0},"end":{"line":25,"column":36}},"25":{"start":{"line":26,"column":0},"end":{"line":26,"column":14}},"26":{"start":{"line":27,"column":0},"end":{"line":27,"column":2}},"31":{"start":{"line":32,"column":0},"end":{"line":32,"column":54}},"32":{"start":{"line":33,"column":0},"end":{"line":33,"column":11}},"33":{"start":{"line":34,"column":0},"end":{"line":34,"column":33}},"34":{"start":{"line":35,"column":0},"end":{"line":35,"column":13}},"35":{"start":{"line":36,"column":0},"end":{"line":36,"column":7}},"36":{"start":{"line":37,"column":0},"end":{"line":37,"column":44}},"37":{"start":{"line":38,"column":0},"end":{"line":38,"column":19}},"38":{"start":{"line":39,"column":0},"end":{"line":39,"column":27}},"39":{"start":{"line":40,"column":0},"end":{"line":40,"column":22}},"40":{"start":{"line":41,"column":0},"end":{"line":41,"column":13}},"41":{"start":{"line":42,"column":0},"end":{"line":42,"column":63}},"42":{"start":{"line":43,"column":0},"end":{"line":43,"column":6}},"43":{"start":{"line":44,"column":0},"end":{"line":44,"column":4}},"44":{"start":{"line":45,"column":0},"end":{"line":45,"column":16}},"45":{"start":{"line":46,"column":0},"end":{"line":46,"column":3}},"46":{"start":{"line":47,"column":0},"end":{"line":47,"column":2}},"51":{"start":{"line":52,"column":0},"end":{"line":52,"column":50}},"52":{"start":{"line":53,"column":0},"end":{"line":53,"column":11}},"53":{"start":{"line":54,"column":0},"end":{"line":54,"column":33}},"54":{"start":{"line":55,"column":0},"end":{"line":55,"column":13}},"55":{"start":{"line":56,"column":0},"end":{"line":56,"column":43}},"56":{"start":{"line":57,"column":0},"end":{"line":57,"column":2}},"61":{"start":{"line":62,"column":0},"end":{"line":62,"column":68}},"62":{"start":{"line":63,"column":0},"end":{"line":63,"column":43}},"63":{"start":{"line":64,"column":0},"end":{"line":64,"column":2}},"68":{"start":{"line":69,"column":0},"end":{"line":69,"column":72}},"69":{"start":{"line":70,"column":0},"end":{"line":70,"column":14}},"70":{"start":{"line":71,"column":0},"end":{"line":71,"column":42}},"71":{"start":{"line":72,"column":0},"end":{"line":72,"column":10}},"72":{"start":{"line":73,"column":0},"end":{"line":73,"column":37}},"73":{"start":{"line":74,"column":0},"end":{"line":74,"column":3}},"74":{"start":{"line":75,"column":0},"end":{"line":75,"column":14}},"75":{"start":{"line":76,"column":0},"end":{"line":76,"column":2}},"76":{"start":{"line":77,"column":0},"end":{"line":77,"column":1}}},"s":{"0":1,"6":1,"9":112,"10":112,"15":112,"16":42,"17":42,"18":42,"23":112,"24":1,"25":1,"26":1,"31":112,"32":94,"33":94,"34":94,"35":94,"36":94,"37":94,"38":1,"39":1,"40":1,"41":1,"42":1,"43":1,"44":1,"45":1,"46":94,"51":112,"52":0,"53":0,"54":0,"55":0,"56":0,"61":112,"62":6,"63":6,"68":112,"69":47,"70":1,"71":46,"72":46,"73":46,"74":47,"75":47,"76":112},"branchMap":{"0":{"type":"branch","line":7,"loc":{"start":{"line":7,"column":7},"end":{"line":77,"column":1}},"locations":[{"start":{"line":7,"column":7},"end":{"line":77,"column":1}}]},"1":{"type":"branch","line":16,"loc":{"start":{"line":16,"column":1},"end":{"line":19,"column":2}},"locations":[{"start":{"line":16,"column":1},"end":{"line":19,"column":2}}]},"2":{"type":"branch","line":24,"loc":{"start":{"line":24,"column":1},"end":{"line":27,"column":2}},"locations":[{"start":{"line":24,"column":1},"end":{"line":27,"column":2}}]},"3":{"type":"branch","line":32,"loc":{"start":{"line":32,"column":11},"end":{"line":47,"column":2}},"locations":[{"start":{"line":32,"column":11},"end":{"line":47,"column":2}}]},"4":{"type":"branch","line":38,"loc":{"start":{"line":38,"column":2},"end":{"line":46,"column":3}},"locations":[{"start":{"line":38,"column":2},"end":{"line":46,"column":3}}]},"5":{"type":"branch","line":42,"loc":{"start":{"line":42,"column":30},"end":{"line":42,"column":63}},"locations":[{"start":{"line":42,"column":30},"end":{"line":42,"column":63}}]},"6":{"type":"branch","line":62,"loc":{"start":{"line":62,"column":1},"end":{"line":64,"column":2}},"locations":[{"start":{"line":62,"column":1},"end":{"line":64,"column":2}}]},"7":{"type":"branch","line":69,"loc":{"start":{"line":69,"column":1},"end":{"line":76,"column":2}},"locations":[{"start":{"line":69,"column":1},"end":{"line":76,"column":2}}]},"8":{"type":"branch","line":70,"loc":{"start":{"line":70,"column":13},"end":{"line":74,"column":3}},"locations":[{"start":{"line":70,"column":13},"end":{"line":74,"column":3}}]},"9":{"type":"branch","line":70,"loc":{"start":{"line":70,"column":13},"end":{"line":72,"column":9}},"locations":[{"start":{"line":70,"column":13},"end":{"line":72,"column":9}}]}},"b":{"0":[112],"1":[42],"2":[1],"3":[94],"4":[1],"5":[0],"6":[6],"7":[47],"8":[46],"9":[1]},"fnMap":{"0":{"name":"<instance_members_initializer>","decl":{"start":{"line":7,"column":7},"end":{"line":77,"column":1}},"loc":{"start":{"line":7,"column":7},"end":{"line":77,"column":1}},"line":7},"1":{"name":"on","decl":{"start":{"line":16,"column":1},"end":{"line":19,"column":2}},"loc":{"start":{"line":16,"column":1},"end":{"line":19,"column":2}},"line":16},"2":{"name":"off","decl":{"start":{"line":24,"column":1},"end":{"line":27,"column":2}},"loc":{"start":{"line":24,"column":1},"end":{"line":27,"column":2}},"line":24},"3":{"name":"safeEmit","decl":{"start":{"line":32,"column":11},"end":{"line":47,"column":2}},"loc":{"start":{"line":32,"column":11},"end":{"line":47,"column":2}},"line":32},"4":{"name":"emit","decl":{"start":{"line":52,"column":11},"end":{"line":57,"column":2}},"loc":{"start":{"line":52,"column":11},"end":{"line":57,"column":2}},"line":52},"5":{"name":"listenerCount","decl":{"start":{"line":62,"column":1},"end":{"line":64,"column":2}},"loc":{"start":{"line":62,"column":1},"end":{"line":64,"column":2}},"line":62},"6":{"name":"removeAllListeners","decl":{"start":{"line":69,"column":1},"end":{"line":76,"column":2}},"loc":{"start":{"line":69,"column":1},"end":{"line":76,"column":2}},"line":69}},"f":{"0":112,"1":42,"2":1,"3":94,"4":0,"5":6,"6":47}}
,"/Users/shangrongli/Documents/L1-repo/FluidFramework/packages/container/src/utils/assert.ts": {"path":"/Users/shangrongli/Documents/L1-repo/FluidFramework/packages/container/src/utils/assert.ts","all":true,"statementMap":{"0":{"start":{"line":1,"column":0},"end":{"line":1,"column":61}},"6":{"start":{"line":7,"column":0},"end":{"line":7,"column":23}},"7":{"start":{"line":8,"column":0},"end":{"line":8,"column":20}},"8":{"start":{"line":9,"column":0},"end":{"line":9,"column":17}},"9":{"start":{"line":10,"column":0},"end":{"line":10,"column":69}},"10":{"start":{"line":11,"column":0},"end":{"line":11,"column":22}},"11":{"start":{"line":12,"column":0},"end":{"line":12,"column":18}},"12":{"start":{"line":13,"column":0},"end":{"line":13,"column":47}},"13":{"start":{"line":14,"column":0},"end":{"line":14,"column":2}},"14":{"start":{"line":15,"column":0},"end":{"line":15,"column":1}}},"s":{"0":0,"6":0,"7":0,"8":0,"9":0,"10":0,"11":0,"12":0,"13":0,"14":0},"branchMap":{"0":{"type":"branch","line":1,"loc":{"start":{"line":1,"column":0},"end":{"line":15,"column":-43}},"locations":[{"start":{"line":1,"column":0},"end":{"line":15,"column":-43}}]}},"b":{"0":[0]},"fnMap":{"0":{"name":"(empty-report)","decl":{"start":{"line":1,"column":0},"end":{"line":15,"column":-43}},"loc":{"start":{"line":1,"column":0},"end":{"line":15,"column":-43}},"line":1}},"f":{"0":0}}
,"/Users/shangrongli/Documents/L1-repo/FluidFramework/packages/container/src/utils/logger.ts": {"path":"/Users/shangrongli/Documents/L1-repo/FluidFramework/packages/container/src/utils/logger.ts","all":true,"statementMap":{"3":{"start":{"line":4,"column":0},"end":{"line":4,"column":22}},"4":{"start":{"line":5,"column":0},"end":{"line":5,"column":11}},"5":{"start":{"line":6,"column":0},"end":{"line":6,"column":10}},"6":{"start":{"line":7,"column":0},"end":{"line":7,"column":10}},"7":{"start":{"line":8,"column":0},"end":{"line":8,"column":11}},"8":{"start":{"line":9,"column":0},"end":{"line":9,"column":12}},"14":{"start":{"line":15,"column":0},"end":{"line":15,"column":21}},"15":{"start":{"line":16,"column":0},"end":{"line":16,"column":25}},"16":{"start":{"line":17,"column":0},"end":{"line":17,"column":33}},"18":{"start":{"line":19,"column":0},"end":{"line":19,"column":77}},"19":{"start":{"line":20,"column":0},"end":{"line":20,"column":23}},"20":{"start":{"line":21,"column":0},"end":{"line":21,"column":21}},"21":{"start":{"line":22,"column":0},"end":{"line":22,"column":2}},"24":{"start":{"line":25,"column":0},"end":{"line":25,"column":34}},"25":{"start":{"line":26,"column":0},"end":{"line":26,"column":21}},"26":{"start":{"line":27,"column":0},"end":{"line":27,"column":2}},"29":{"start":{"line":30,"column":0},"end":{"line":30,"column":23}},"30":{"start":{"line":31,"column":0},"end":{"line":31,"column":20}},"31":{"start":{"line":32,"column":0},"end":{"line":32,"column":2}},"34":{"start":{"line":35,"column":0},"end":{"line":35,"column":51}},"35":{"start":{"line":36,"column":0},"end":{"line":36,"column":37}},"36":{"start":{"line":37,"column":0},"end":{"line":37,"column":57}},"37":{"start":{"line":38,"column":0},"end":{"line":38,"column":3}},"38":{"start":{"line":39,"column":0},"end":{"line":39,"column":2}},"41":{"start":{"line":42,"column":0},"end":{"line":42,"column":50}},"42":{"start":{"line":43,"column":0},"end":{"line":43,"column":36}},"43":{"start":{"line":44,"column":0},"end":{"line":44,"column":56}},"44":{"start":{"line":45,"column":0},"end":{"line":45,"column":3}},"45":{"start":{"line":46,"column":0},"end":{"line":46,"column":2}},"48":{"start":{"line":49,"column":0},"end":{"line":49,"column":50}},"49":{"start":{"line":50,"column":0},"end":{"line":50,"column":36}},"50":{"start":{"line":51,"column":0},"end":{"line":51,"column":56}},"51":{"start":{"line":52,"column":0},"end":{"line":52,"column":3}},"52":{"start":{"line":53,"column":0},"end":{"line":53,"column":2}},"55":{"start":{"line":56,"column":0},"end":{"line":56,"column":51}},"56":{"start":{"line":57,"column":0},"end":{"line":57,"column":37}},"57":{"start":{"line":58,"column":0},"end":{"line":58,"column":57}},"58":{"start":{"line":59,"column":0},"end":{"line":59,"column":3}},"59":{"start":{"line":60,"column":0},"end":{"line":60,"column":2}},"60":{"start":{"line":61,"column":0},"end":{"line":61,"column":1}}},"s":{"3":0,"4":0,"5":0,"6":0,"7":0,"8":0,"14":0,"15":0,"16":0,"18":0,"19":0,"20":0,"21":0,"24":0,"25":0,"26":0,"29":0,"30":0,"31":0,"34":0,"35":0,"36":0,"37":0,"38":0,"41":0,"42":0,"43":0,"44":0,"45":0,"48":0,"49":0,"50":0,"51":0,"52":0,"55":0,"56":0,"57":0,"58":0,"59":0,"60":0},"branchMap":{"0":{"type":"branch","line":1,"loc":{"start":{"line":1,"column":24},"end":{"line":61,"column":-180}},"locations":[{"start":{"line":1,"column":24},"end":{"line":61,"column":-180}}]}},"b":{"0":[1]},"fnMap":{"0":{"name":"(empty-report)","decl":{"start":{"line":1,"column":24},"end":{"line":61,"column":-180}},"loc":{"start":{"line":1,"column":24},"end":{"line":61,"column":-180}},"line":1}},"f":{"0":1}}
,"/Users/shangrongli/Documents/L1-repo/FluidFramework/packages/container/src/utils/uuid.ts": {"path":"/Users/shangrongli/Documents/L1-repo/FluidFramework/packages/container/src/utils/uuid.ts","all":false,"statementMap":{"0":{"start":{"line":1,"column":0},"end":{"line":1,"column":41}},"5":{"start":{"line":6,"column":0},"end":{"line":6,"column":40}},"6":{"start":{"line":7,"column":0},"end":{"line":7,"column":21}},"7":{"start":{"line":8,"column":0},"end":{"line":8,"column":1}}},"s":{"0":1,"5":1,"6":5,"7":5},"branchMap":{"0":{"type":"branch","line":6,"loc":{"start":{"line":6,"column":7},"end":{"line":8,"column":1}},"locations":[{"start":{"line":6,"column":7},"end":{"line":8,"column":1}}]}},"b":{"0":[5]},"fnMap":{"0":{"name":"generateUuid","decl":{"start":{"line":6,"column":7},"end":{"line":8,"column":1}},"loc":{"start":{"line":6,"column":7},"end":{"line":8,"column":1}},"line":6}},"f":{"0":5}}
}
